{"/home/travis/build/npmtest/node-npmtest-extract-text-webpack-plugin/test.js":{"path":"/home/travis/build/npmtest/node-npmtest-extract-text-webpack-plugin/test.js","s":{"1":2,"2":2,"3":2,"4":2,"5":2,"6":2,"7":2,"8":1,"9":2,"10":2,"11":1,"12":1,"13":1,"14":1,"15":2,"16":2,"17":2,"18":2,"19":1,"20":1,"21":2,"22":2,"23":2,"24":1,"25":1,"26":1,"27":1,"28":1,"29":1,"30":1,"31":1,"32":1,"33":1,"34":1,"35":1,"36":1,"37":2,"38":2,"39":1,"40":2,"41":2,"42":1,"43":2,"44":2,"45":1,"46":2,"47":2,"48":1,"49":1,"50":1,"51":1,"52":1},"b":{"1":[2,1,1,1],"2":[1,1,1,1],"3":[1,1],"4":[1,1],"5":[1,1],"6":[1,1],"7":[1,1],"8":[1,1],"9":[1,1,1],"10":[1,1],"11":[1,1],"12":[1,1],"13":[1,1],"14":[1,1],"15":[1,1],"16":[1,1]},"f":{"1":2,"2":2,"3":2,"4":2,"5":2,"6":1,"7":1,"8":2,"9":2,"10":2,"11":2,"12":1},"fnMap":{"1":{"name":"(anonymous_1)","line":12,"loc":{"start":{"line":12,"column":1},"end":{"line":12,"column":13}}},"2":{"name":"(anonymous_2)","line":19,"loc":{"start":{"line":19,"column":5},"end":{"line":19,"column":17}}},"3":{"name":"(anonymous_3)","line":23,"loc":{"start":{"line":23,"column":24},"end":{"line":23,"column":36}}},"4":{"name":"(anonymous_4)","line":61,"loc":{"start":{"line":61,"column":5},"end":{"line":61,"column":17}}},"5":{"name":"(anonymous_5)","line":82,"loc":{"start":{"line":82,"column":5},"end":{"line":82,"column":17}}},"6":{"name":"(anonymous_6)","line":102,"loc":{"start":{"line":102,"column":83},"end":{"line":105,"column":10}},"skip":true},"7":{"name":"(anonymous_7)","line":113,"loc":{"start":{"line":113,"column":77},"end":{"line":116,"column":10}},"skip":true},"8":{"name":"(anonymous_8)","line":129,"loc":{"start":{"line":129,"column":12},"end":{"line":129,"column":40}},"skip":true},"9":{"name":"(anonymous_9)","line":137,"loc":{"start":{"line":137,"column":77},"end":{"line":140,"column":10}},"skip":true},"10":{"name":"(anonymous_10)","line":148,"loc":{"start":{"line":148,"column":83},"end":{"line":151,"column":10}},"skip":true},"11":{"name":"(anonymous_11)","line":159,"loc":{"start":{"line":159,"column":79},"end":{"line":162,"column":10}},"skip":true},"12":{"name":"(anonymous_12)","line":170,"loc":{"start":{"line":170,"column":75},"end":{"line":173,"column":10}},"skip":true}},"statementMap":{"1":{"start":{"line":12,"column":0},"end":{"line":185,"column":5}},"2":{"start":{"line":14,"column":4},"end":{"line":14,"column":14}},"3":{"start":{"line":19,"column":4},"end":{"line":56,"column":9}},"4":{"start":{"line":21,"column":8},"end":{"line":21,"column":19}},"5":{"start":{"line":23,"column":8},"end":{"line":35,"column":13}},"6":{"start":{"line":24,"column":12},"end":{"line":34,"column":13}},"7":{"start":{"line":25,"column":16},"end":{"line":28,"column":30}},"8":{"start":{"line":30,"column":16},"end":{"line":33,"column":27}},"9":{"start":{"line":37,"column":8},"end":{"line":39,"column":21}},"10":{"start":{"line":40,"column":8},"end":{"line":53,"column":9}},"11":{"start":{"line":43,"column":12},"end":{"line":46,"column":14}},"12":{"start":{"line":47,"column":12},"end":{"line":47,"column":18}},"13":{"start":{"line":50,"column":12},"end":{"line":51,"column":46}},"14":{"start":{"line":52,"column":12},"end":{"line":52,"column":18}},"15":{"start":{"line":55,"column":8},"end":{"line":55,"column":35}},"16":{"start":{"line":61,"column":4},"end":{"line":63,"column":9}},"17":{"start":{"line":62,"column":8},"end":{"line":62,"column":15}},"18":{"start":{"line":64,"column":4},"end":{"line":77,"column":5}},"19":{"start":{"line":70,"column":8},"end":{"line":70,"column":14}},"20":{"start":{"line":76,"column":8},"end":{"line":76,"column":14}},"21":{"start":{"line":82,"column":4},"end":{"line":84,"column":9}},"22":{"start":{"line":83,"column":8},"end":{"line":83,"column":15}},"23":{"start":{"line":85,"column":4},"end":{"line":184,"column":5}},"24":{"start":{"line":92,"column":8},"end":{"line":94,"column":63}},"25":{"start":{"line":95,"column":8},"end":{"line":95,"column":14}},"26":{"start":{"line":102,"column":8},"end":{"line":111,"column":10},"skip":true},"27":{"start":{"line":109,"column":12},"end":{"line":109,"column":55},"skip":true},"28":{"start":{"line":110,"column":12},"end":{"line":110,"column":48},"skip":true},"29":{"start":{"line":113,"column":8},"end":{"line":126,"column":10},"skip":true},"30":{"start":{"line":120,"column":12},"end":{"line":120,"column":76},"skip":true},"31":{"start":{"line":121,"column":12},"end":{"line":121,"column":73},"skip":true},"32":{"start":{"line":122,"column":12},"end":{"line":122,"column":74},"skip":true},"33":{"start":{"line":123,"column":12},"end":{"line":123,"column":79},"skip":true},"34":{"start":{"line":124,"column":12},"end":{"line":124,"column":25},"skip":true},"35":{"start":{"line":125,"column":12},"end":{"line":125,"column":45},"skip":true},"36":{"start":{"line":128,"column":8},"end":{"line":135,"column":14},"skip":true},"37":{"start":{"line":133,"column":16},"end":{"line":133,"column":29},"skip":true},"38":{"start":{"line":134,"column":16},"end":{"line":134,"column":55},"skip":true},"39":{"start":{"line":137,"column":8},"end":{"line":146,"column":10},"skip":true},"40":{"start":{"line":144,"column":12},"end":{"line":144,"column":25},"skip":true},"41":{"start":{"line":145,"column":12},"end":{"line":145,"column":45},"skip":true},"42":{"start":{"line":148,"column":8},"end":{"line":157,"column":10},"skip":true},"43":{"start":{"line":155,"column":12},"end":{"line":155,"column":25},"skip":true},"44":{"start":{"line":156,"column":12},"end":{"line":156,"column":48},"skip":true},"45":{"start":{"line":159,"column":8},"end":{"line":168,"column":10},"skip":true},"46":{"start":{"line":166,"column":12},"end":{"line":166,"column":25},"skip":true},"47":{"start":{"line":167,"column":12},"end":{"line":167,"column":46},"skip":true},"48":{"start":{"line":170,"column":8},"end":{"line":179,"column":10},"skip":true},"49":{"start":{"line":177,"column":12},"end":{"line":177,"column":94},"skip":true},"50":{"start":{"line":178,"column":12},"end":{"line":178,"column":48},"skip":true},"51":{"start":{"line":182,"column":8},"end":{"line":182,"column":35},"skip":true},"52":{"start":{"line":183,"column":8},"end":{"line":183,"column":14},"skip":true}},"branchMap":{"1":{"line":25,"type":"binary-expr","locations":[{"start":{"line":25,"column":23},"end":{"line":25,"column":62}},{"start":{"line":26,"column":20},"end":{"line":26,"column":70}},{"start":{"line":27,"column":20},"end":{"line":27,"column":71}},{"start":{"line":28,"column":20},"end":{"line":28,"column":29}}]},"2":{"line":30,"type":"binary-expr","locations":[{"start":{"line":30,"column":23},"end":{"line":30,"column":37}},{"start":{"line":31,"column":20},"end":{"line":31,"column":61}},{"start":{"line":32,"column":20},"end":{"line":32,"column":70}},{"start":{"line":33,"column":20},"end":{"line":33,"column":26}}]},"3":{"line":37,"type":"cond-expr","locations":[{"start":{"line":38,"column":14},"end":{"line":38,"column":20}},{"start":{"line":39,"column":14},"end":{"line":39,"column":20}}]},"4":{"line":40,"type":"switch","locations":[{"start":{"line":42,"column":8},"end":{"line":47,"column":18}},{"start":{"line":49,"column":8},"end":{"line":52,"column":18}}]},"5":{"line":44,"type":"binary-expr","locations":[{"start":{"line":44,"column":16},"end":{"line":44,"column":44}},{"start":{"line":44,"column":48},"end":{"line":44,"column":66}}]},"6":{"line":50,"type":"binary-expr","locations":[{"start":{"line":50,"column":21},"end":{"line":50,"column":49}},{"start":{"line":50,"column":53},"end":{"line":50,"column":72}}]},"7":{"line":64,"type":"switch","locations":[{"start":{"line":69,"column":4},"end":{"line":70,"column":14}},{"start":{"line":75,"column":4},"end":{"line":76,"column":14}}]},"8":{"line":85,"type":"switch","locations":[{"start":{"line":90,"column":4},"end":{"line":95,"column":14}},{"start":{"line":101,"column":4},"end":{"line":183,"column":14},"skip":true}]},"9":{"line":92,"type":"binary-expr","locations":[{"start":{"line":92,"column":18},"end":{"line":92,"column":32}},{"start":{"line":93,"column":12},"end":{"line":93,"column":53}},{"start":{"line":94,"column":12},"end":{"line":94,"column":61}}]},"10":{"line":102,"type":"binary-expr","locations":[{"start":{"line":102,"column":45},"end":{"line":102,"column":79},"skip":true},{"start":{"line":102,"column":83},"end":{"line":111,"column":9},"skip":true}]},"11":{"line":113,"type":"binary-expr","locations":[{"start":{"line":113,"column":42},"end":{"line":113,"column":73},"skip":true},{"start":{"line":113,"column":77},"end":{"line":126,"column":9},"skip":true}]},"12":{"line":128,"type":"binary-expr","locations":[{"start":{"line":128,"column":48},"end":{"line":128,"column":85},"skip":true},{"start":{"line":129,"column":12},"end":{"line":135,"column":13},"skip":true}]},"13":{"line":137,"type":"binary-expr","locations":[{"start":{"line":137,"column":42},"end":{"line":137,"column":73},"skip":true},{"start":{"line":137,"column":77},"end":{"line":146,"column":9},"skip":true}]},"14":{"line":148,"type":"binary-expr","locations":[{"start":{"line":148,"column":45},"end":{"line":148,"column":79},"skip":true},{"start":{"line":148,"column":83},"end":{"line":157,"column":9},"skip":true}]},"15":{"line":159,"type":"binary-expr","locations":[{"start":{"line":159,"column":43},"end":{"line":159,"column":75},"skip":true},{"start":{"line":159,"column":79},"end":{"line":168,"column":9},"skip":true}]},"16":{"line":170,"type":"binary-expr","locations":[{"start":{"line":170,"column":41},"end":{"line":170,"column":71},"skip":true},{"start":{"line":170,"column":75},"end":{"line":179,"column":9},"skip":true}]}},"code":["/* istanbul instrument in package npmtest_extract_text_webpack_plugin */","/*jslint","    bitwise: true,","    browser: true,","    maxerr: 8,","    maxlen: 96,","    node: true,","    nomen: true,","    regexp: true,","    stupid: true","*/","(function () {","    'use strict';","    var local;","","","","    // run shared js-env code - pre-init","    (function () {","        // init local","        local = {};","        // init modeJs","        local.modeJs = (function () {","            try {","                return typeof navigator.userAgent === 'string' &&","                    typeof document.querySelector('body') === 'object' &&","                    typeof XMLHttpRequest.prototype.open === 'function' &&","                    'browser';","            } catch (errorCaughtBrowser) {","                return module.exports &&","                    typeof process.versions.node === 'string' &&","                    typeof require('http').createServer === 'function' &&","                    'node';","            }","        }());","        // init global","        local.global = local.modeJs === 'browser'","            ? window","            : global;","        switch (local.modeJs) {","        // re-init local from window.local","        case 'browser':","            local = local.global.utility2.objectSetDefault(","                local.global.utility2_rollup || local.global.local,","                local.global.utility2","            );","            break;","        // re-init local from example.js","        case 'node':","            local = (local.global.utility2_rollup || require('utility2'))","                .requireExampleJsFromReadme();","            break;","        }","        // export local","        local.global.local = local;","    }());","","","","    // run shared js-env code - function","    (function () {","        return;","    }());","    switch (local.modeJs) {","","","","    // run browser js-env code - function","    case 'browser':","        break;","","","","    // run node js-env code - function","    case 'node':","        break;","    }","","","","    // run shared js-env code - post-init","    (function () {","        return;","    }());","    switch (local.modeJs) {","","","","    // run browser js-env code - post-init","    case 'browser':","        // run tests","        local.nop(local.modeTest &&","            document.querySelector('#testRunButton1') &&","            document.querySelector('#testRunButton1').click());","        break;","","","","    // run node js-env code - post-init","    /* istanbul ignore next */","    case 'node':","        local.testCase_buildApidoc_default = local.testCase_buildApidoc_default || function (","            options,","            onError","        ) {","        /*","         * this function will test buildApidoc's default handling-behavior-behavior","         */","            options = { modulePathList: module.paths };","            local.buildApidoc(options, onError);","        };","","        local.testCase_buildApp_default = local.testCase_buildApp_default || function (","            options,","            onError","        ) {","        /*","         * this function will test buildApp's default handling-behavior-behavior","         */","            local.testCase_buildReadme_default(options, local.onErrorThrow);","            local.testCase_buildLib_default(options, local.onErrorThrow);","            local.testCase_buildTest_default(options, local.onErrorThrow);","            local.testCase_buildCustomOrg_default(options, local.onErrorThrow);","            options = [];","            local.buildApp(options, onError);","        };","","        local.testCase_buildCustomOrg_default = local.testCase_buildCustomOrg_default ||","            function (options, onError) {","            /*","             * this function will test buildCustomOrg's default handling-behavior","             */","                options = {};","                local.buildCustomOrg(options, onError);","            };","","        local.testCase_buildLib_default = local.testCase_buildLib_default || function (","            options,","            onError","        ) {","        /*","         * this function will test buildLib's default handling-behavior","         */","            options = {};","            local.buildLib(options, onError);","        };","","        local.testCase_buildReadme_default = local.testCase_buildReadme_default || function (","            options,","            onError","        ) {","        /*","         * this function will test buildReadme's default handling-behavior-behavior","         */","            options = {};","            local.buildReadme(options, onError);","        };","","        local.testCase_buildTest_default = local.testCase_buildTest_default || function (","            options,","            onError","        ) {","        /*","         * this function will test buildTest's default handling-behavior","         */","            options = {};","            local.buildTest(options, onError);","        };","","        local.testCase_webpage_default = local.testCase_webpage_default || function (","            options,","            onError","        ) {","        /*","         * this function will test webpage's default handling-behavior","         */","            options = { modeCoverageMerge: true, url: local.serverLocalHost + '?modeTest=1' };","            local.browserTest(options, onError);","        };","","        // run test-server","        local.testRunServer(local);","        break;","    }","}());",""],"l":{"12":2,"14":2,"19":2,"21":2,"23":2,"24":2,"25":2,"30":1,"37":2,"40":2,"43":1,"47":1,"50":1,"52":1,"55":2,"61":2,"62":2,"64":2,"70":1,"76":1,"82":2,"83":2,"85":2,"92":1,"95":1,"102":1,"109":1,"110":1,"113":1,"120":1,"121":1,"122":1,"123":1,"124":1,"125":1,"128":1,"133":2,"134":2,"137":1,"144":2,"145":2,"148":1,"155":2,"156":2,"159":1,"166":2,"167":2,"170":1,"177":1,"178":1,"182":1,"183":1}},"/home/travis/build/npmtest/node-npmtest-extract-text-webpack-plugin/lib.npmtest_extract_text_webpack_plugin.js":{"path":"/home/travis/build/npmtest/node-npmtest-extract-text-webpack-plugin/lib.npmtest_extract_text_webpack_plugin.js","s":{"1":2,"2":2,"3":2,"4":2,"5":2,"6":2,"7":2,"8":1,"9":2,"10":2,"11":2,"12":2,"13":1,"14":1,"15":1,"16":1},"b":{"1":[2,1,1,1],"2":[1,1,1,1],"3":[1,1],"4":[2,2],"5":[1,1]},"f":{"1":2,"2":2,"3":2},"fnMap":{"1":{"name":"(anonymous_1)","line":12,"loc":{"start":{"line":12,"column":1},"end":{"line":12,"column":13}}},"2":{"name":"(anonymous_2)","line":19,"loc":{"start":{"line":19,"column":5},"end":{"line":19,"column":17}}},"3":{"name":"(anonymous_3)","line":23,"loc":{"start":{"line":23,"column":24},"end":{"line":23,"column":36}}}},"statementMap":{"1":{"start":{"line":12,"column":0},"end":{"line":53,"column":5}},"2":{"start":{"line":14,"column":4},"end":{"line":14,"column":14}},"3":{"start":{"line":19,"column":4},"end":{"line":52,"column":9}},"4":{"start":{"line":21,"column":8},"end":{"line":21,"column":19}},"5":{"start":{"line":23,"column":8},"end":{"line":35,"column":13}},"6":{"start":{"line":24,"column":12},"end":{"line":34,"column":13}},"7":{"start":{"line":25,"column":16},"end":{"line":28,"column":30}},"8":{"start":{"line":30,"column":16},"end":{"line":33,"column":27}},"9":{"start":{"line":37,"column":8},"end":{"line":39,"column":21}},"10":{"start":{"line":41,"column":8},"end":{"line":41,"column":54}},"11":{"start":{"line":43,"column":8},"end":{"line":43,"column":72}},"12":{"start":{"line":45,"column":8},"end":{"line":51,"column":9}},"13":{"start":{"line":46,"column":12},"end":{"line":46,"column":78}},"14":{"start":{"line":48,"column":12},"end":{"line":48,"column":35}},"15":{"start":{"line":49,"column":12},"end":{"line":49,"column":49}},"16":{"start":{"line":50,"column":12},"end":{"line":50,"column":43}}},"branchMap":{"1":{"line":25,"type":"binary-expr","locations":[{"start":{"line":25,"column":23},"end":{"line":25,"column":62}},{"start":{"line":26,"column":20},"end":{"line":26,"column":70}},{"start":{"line":27,"column":20},"end":{"line":27,"column":71}},{"start":{"line":28,"column":20},"end":{"line":28,"column":29}}]},"2":{"line":30,"type":"binary-expr","locations":[{"start":{"line":30,"column":23},"end":{"line":30,"column":37}},{"start":{"line":31,"column":20},"end":{"line":31,"column":61}},{"start":{"line":32,"column":20},"end":{"line":32,"column":70}},{"start":{"line":33,"column":20},"end":{"line":33,"column":26}}]},"3":{"line":37,"type":"cond-expr","locations":[{"start":{"line":38,"column":14},"end":{"line":38,"column":20}},{"start":{"line":39,"column":14},"end":{"line":39,"column":20}}]},"4":{"line":41,"type":"binary-expr","locations":[{"start":{"line":41,"column":16},"end":{"line":41,"column":44}},{"start":{"line":41,"column":48},"end":{"line":41,"column":53}}]},"5":{"line":45,"type":"if","locations":[{"start":{"line":45,"column":8},"end":{"line":45,"column":8}},{"start":{"line":45,"column":8},"end":{"line":45,"column":8}}]}},"code":["/* istanbul instrument in package npmtest_extract_text_webpack_plugin */","/*jslint","    bitwise: true,","    browser: true,","    maxerr: 8,","    maxlen: 96,","    node: true,","    nomen: true,","    regexp: true,","    stupid: true","*/","(function () {","    'use strict';","    var local;","","","","    // run shared js-env code - pre-init","    (function () {","        // init local","        local = {};","        // init modeJs","        local.modeJs = (function () {","            try {","                return typeof navigator.userAgent === 'string' &&","                    typeof document.querySelector('body') === 'object' &&","                    typeof XMLHttpRequest.prototype.open === 'function' &&","                    'browser';","            } catch (errorCaughtBrowser) {","                return module.exports &&","                    typeof process.versions.node === 'string' &&","                    typeof require('http').createServer === 'function' &&","                    'node';","            }","        }());","        // init global","        local.global = local.modeJs === 'browser'","            ? window","            : global;","        // init utility2_rollup","        local = local.global.utility2_rollup || local;","        // init lib","        local.local = local.npmtest_extract_text_webpack_plugin = local;","        // init exports","        if (local.modeJs === 'browser') {","            local.global.utility2_npmtest_extract_text_webpack_plugin = local;","        } else {","            module.exports = local;","            module.exports.__dirname = __dirname;","            module.exports.module = module;","        }","    }());","}());",""],"l":{"12":2,"14":2,"19":2,"21":2,"23":2,"24":2,"25":2,"30":1,"37":2,"41":2,"43":2,"45":2,"46":1,"48":1,"49":1,"50":1}},"/home/travis/build/npmtest/node-npmtest-extract-text-webpack-plugin/example.js":{"path":"/home/travis/build/npmtest/node-npmtest-extract-text-webpack-plugin/example.js","s":{"1":2,"2":2,"3":2,"4":2,"5":2,"6":2,"7":2,"8":1,"9":2,"10":2,"11":2,"12":2,"13":1,"14":2,"15":2,"16":2,"17":2,"18":2,"19":0,"20":2,"21":1,"22":1,"23":1,"24":1,"25":1,"26":0,"27":0,"28":1,"29":1,"30":2,"31":0,"32":0,"33":0,"34":1,"35":2,"36":2,"37":2,"38":2,"39":2,"40":2,"41":0,"42":2,"43":2,"44":2,"45":1,"46":3,"47":1,"48":1,"49":1,"50":1,"51":1,"52":1,"53":1,"54":1,"55":1,"56":1,"57":0,"58":1,"59":6,"60":6,"61":1,"62":2,"63":0,"64":2,"65":1,"66":1,"67":0,"68":0,"69":0,"70":0,"71":0,"72":0,"73":0,"74":0,"75":0,"76":0,"77":0,"78":0,"79":0,"80":0,"81":0,"82":0,"83":0},"b":{"1":[2,1,1,1],"2":[1,1,1,1],"3":[1,1],"4":[2,2],"5":[1,1],"6":[1,1],"7":[2,0],"8":[2,1,1,1,1,1],"9":[0,2,0],"10":[1,1],"11":[2,1,1],"12":[1,0],"13":[0,2],"14":[2,0,0,0,0,0,0],"15":[0,2],"16":[2,0],"17":[1,1],"18":[0,1],"19":[1,2,0,2],"20":[1,0],"21":[1,1],"22":[0,0],"23":[0,0],"24":[0,0],"25":[0,0],"26":[0,0],"27":[0,0],"28":[0,0]},"f":{"1":2,"2":2,"3":2,"4":2,"5":2,"6":2,"7":2,"8":2,"9":3,"10":1,"11":6,"12":0},"fnMap":{"1":{"name":"(anonymous_1)","line":26,"loc":{"start":{"line":26,"column":1},"end":{"line":26,"column":13}}},"2":{"name":"(anonymous_2)","line":33,"loc":{"start":{"line":33,"column":5},"end":{"line":33,"column":17}}},"3":{"name":"(anonymous_3)","line":37,"loc":{"start":{"line":37,"column":24},"end":{"line":37,"column":36}}},"4":{"name":"(anonymous_4)","line":69,"loc":{"start":{"line":69,"column":31},"end":{"line":69,"column":48}},"skip":true},"5":{"name":"(anonymous_5)","line":78,"loc":{"start":{"line":78,"column":26},"end":{"line":78,"column":45}},"skip":true},"6":{"name":"(anonymous_6)","line":123,"loc":{"start":{"line":123,"column":33},"end":{"line":123,"column":48}},"skip":true},"7":{"name":"(anonymous_7)","line":125,"loc":{"start":{"line":125,"column":27},"end":{"line":125,"column":39}},"skip":true},"8":{"name":"(anonymous_8)","line":133,"loc":{"start":{"line":133,"column":59},"end":{"line":133,"column":74}},"skip":true},"9":{"name":"(anonymous_9)","line":143,"loc":{"start":{"line":143,"column":45},"end":{"line":143,"column":62}},"skip":true},"10":{"name":"(anonymous_10)","line":144,"loc":{"start":{"line":144,"column":73},"end":{"line":144,"column":92}},"skip":true},"11":{"name":"(anonymous_11)","line":272,"loc":{"start":{"line":272,"column":51},"end":{"line":272,"column":77}},"skip":true},"12":{"name":"(anonymous_12)","line":314,"loc":{"start":{"line":314,"column":32},"end":{"line":314,"column":61}},"skip":true}},"statementMap":{"1":{"start":{"line":26,"column":0},"end":{"line":325,"column":5}},"2":{"start":{"line":28,"column":4},"end":{"line":28,"column":14}},"3":{"start":{"line":33,"column":4},"end":{"line":60,"column":9}},"4":{"start":{"line":35,"column":8},"end":{"line":35,"column":19}},"5":{"start":{"line":37,"column":8},"end":{"line":49,"column":13}},"6":{"start":{"line":38,"column":12},"end":{"line":48,"column":13}},"7":{"start":{"line":39,"column":16},"end":{"line":42,"column":30}},"8":{"start":{"line":44,"column":16},"end":{"line":47,"column":27}},"9":{"start":{"line":51,"column":8},"end":{"line":53,"column":21}},"10":{"start":{"line":55,"column":8},"end":{"line":57,"column":45}},"11":{"start":{"line":59,"column":8},"end":{"line":59,"column":35}},"12":{"start":{"line":61,"column":4},"end":{"line":324,"column":5}},"13":{"start":{"line":69,"column":8},"end":{"line":121,"column":10},"skip":true},"14":{"start":{"line":70,"column":12},"end":{"line":88,"column":13},"skip":true},"15":{"start":{"line":76,"column":16},"end":{"line":87,"column":19},"skip":true},"16":{"start":{"line":79,"column":20},"end":{"line":86,"column":21},"skip":true},"17":{"start":{"line":82,"column":24},"end":{"line":82,"column":43},"skip":true},"18":{"start":{"line":83,"column":24},"end":{"line":83,"column":30},"skip":true},"19":{"start":{"line":85,"column":24},"end":{"line":85,"column":49},"skip":true},"20":{"start":{"line":89,"column":12},"end":{"line":107,"column":13},"skip":true},"21":{"start":{"line":92,"column":16},"end":{"line":102,"column":17},"skip":true},"22":{"start":{"line":93,"column":20},"end":{"line":93,"column":86},"skip":true},"23":{"start":{"line":94,"column":20},"end":{"line":95,"column":45},"skip":true},"24":{"start":{"line":96,"column":20},"end":{"line":96,"column":42},"skip":true},"25":{"start":{"line":97,"column":20},"end":{"line":97,"column":48},"skip":true},"26":{"start":{"line":100,"column":20},"end":{"line":100,"column":85},"skip":true},"27":{"start":{"line":101,"column":20},"end":{"line":101,"column":96},"skip":true},"28":{"start":{"line":103,"column":16},"end":{"line":103,"column":22},"skip":true},"29":{"start":{"line":106,"column":16},"end":{"line":106,"column":22},"skip":true},"30":{"start":{"line":108,"column":12},"end":{"line":120,"column":13},"skip":true},"31":{"start":{"line":114,"column":16},"end":{"line":119,"column":17},"skip":true},"32":{"start":{"line":116,"column":20},"end":{"line":116,"column":78},"skip":true},"33":{"start":{"line":118,"column":20},"end":{"line":118,"column":47},"skip":true},"34":{"start":{"line":123,"column":8},"end":{"line":141,"column":11},"skip":true},"35":{"start":{"line":124,"column":12},"end":{"line":124,"column":54},"skip":true},"36":{"start":{"line":125,"column":12},"end":{"line":140,"column":14},"skip":true},"37":{"start":{"line":126,"column":16},"end":{"line":126,"column":28},"skip":true},"38":{"start":{"line":127,"column":16},"end":{"line":127,"column":69},"skip":true},"39":{"start":{"line":128,"column":16},"end":{"line":128,"column":75},"skip":true},"40":{"start":{"line":129,"column":16},"end":{"line":131,"column":17},"skip":true},"41":{"start":{"line":130,"column":20},"end":{"line":130,"column":27},"skip":true},"42":{"start":{"line":133,"column":16},"end":{"line":137,"column":36},"skip":true},"43":{"start":{"line":134,"column":20},"end":{"line":136,"column":55},"skip":true},"44":{"start":{"line":139,"column":16},"end":{"line":139,"column":57},"skip":true},"45":{"start":{"line":143,"column":8},"end":{"line":147,"column":11},"skip":true},"46":{"start":{"line":144,"column":12},"end":{"line":146,"column":15},"skip":true},"47":{"start":{"line":145,"column":16},"end":{"line":145,"column":70},"skip":true},"48":{"start":{"line":149,"column":8},"end":{"line":149,"column":31},"skip":true},"49":{"start":{"line":150,"column":8},"end":{"line":150,"column":14},"skip":true},"50":{"start":{"line":158,"column":8},"end":{"line":158,"column":31},"skip":true},"51":{"start":{"line":160,"column":8},"end":{"line":160,"column":33},"skip":true},"52":{"start":{"line":161,"column":8},"end":{"line":161,"column":37},"skip":true},"53":{"start":{"line":162,"column":8},"end":{"line":162,"column":35},"skip":true},"54":{"start":{"line":164,"column":8},"end":{"line":164,"column":50},"skip":true},"55":{"start":{"line":166,"column":8},"end":{"line":256,"column":2},"skip":true},"56":{"start":{"line":258,"column":8},"end":{"line":286,"column":9},"skip":true},"57":{"start":{"line":259,"column":12},"end":{"line":269,"column":14},"skip":true},"58":{"start":{"line":271,"column":12},"end":{"line":285,"column":19},"skip":true},"59":{"start":{"line":274,"column":20},"end":{"line":274,"column":35},"skip":true},"60":{"start":{"line":275,"column":20},"end":{"line":284,"column":21},"skip":true},"61":{"start":{"line":277,"column":24},"end":{"line":277,"column":64},"skip":true},"62":{"start":{"line":279,"column":24},"end":{"line":279,"column":40},"skip":true},"63":{"start":{"line":281,"column":24},"end":{"line":281,"column":40},"skip":true},"64":{"start":{"line":283,"column":24},"end":{"line":283,"column":39},"skip":true},"65":{"start":{"line":288,"column":8},"end":{"line":290,"column":9},"skip":true},"66":{"start":{"line":289,"column":12},"end":{"line":289,"column":18},"skip":true},"67":{"start":{"line":291,"column":8},"end":{"line":293,"column":54},"skip":true},"68":{"start":{"line":294,"column":8},"end":{"line":301,"column":37},"skip":true},"69":{"start":{"line":302,"column":8},"end":{"line":302,"column":82},"skip":true},"70":{"start":{"line":305,"column":8},"end":{"line":307,"column":9},"skip":true},"71":{"start":{"line":306,"column":12},"end":{"line":306,"column":82},"skip":true},"72":{"start":{"line":309,"column":8},"end":{"line":311,"column":9},"skip":true},"73":{"start":{"line":310,"column":12},"end":{"line":310,"column":18},"skip":true},"74":{"start":{"line":312,"column":8},"end":{"line":312,"column":54},"skip":true},"75":{"start":{"line":313,"column":8},"end":{"line":313,"column":69},"skip":true},"76":{"start":{"line":314,"column":8},"end":{"line":322,"column":36},"skip":true},"77":{"start":{"line":315,"column":12},"end":{"line":315,"column":61},"skip":true},"78":{"start":{"line":316,"column":12},"end":{"line":319,"column":13},"skip":true},"79":{"start":{"line":317,"column":16},"end":{"line":317,"column":75},"skip":true},"80":{"start":{"line":318,"column":16},"end":{"line":318,"column":23},"skip":true},"81":{"start":{"line":320,"column":12},"end":{"line":320,"column":38},"skip":true},"82":{"start":{"line":321,"column":12},"end":{"line":321,"column":27},"skip":true},"83":{"start":{"line":323,"column":8},"end":{"line":323,"column":14},"skip":true}},"branchMap":{"1":{"line":39,"type":"binary-expr","locations":[{"start":{"line":39,"column":23},"end":{"line":39,"column":62}},{"start":{"line":40,"column":20},"end":{"line":40,"column":70}},{"start":{"line":41,"column":20},"end":{"line":41,"column":71}},{"start":{"line":42,"column":20},"end":{"line":42,"column":29}}]},"2":{"line":44,"type":"binary-expr","locations":[{"start":{"line":44,"column":23},"end":{"line":44,"column":37}},{"start":{"line":45,"column":20},"end":{"line":45,"column":61}},{"start":{"line":46,"column":20},"end":{"line":46,"column":70}},{"start":{"line":47,"column":20},"end":{"line":47,"column":26}}]},"3":{"line":51,"type":"cond-expr","locations":[{"start":{"line":52,"column":14},"end":{"line":52,"column":20}},{"start":{"line":53,"column":14},"end":{"line":53,"column":20}}]},"4":{"line":55,"type":"binary-expr","locations":[{"start":{"line":55,"column":16},"end":{"line":55,"column":44}},{"start":{"line":55,"column":49},"end":{"line":57,"column":43}}]},"5":{"line":55,"type":"cond-expr","locations":[{"start":{"line":56,"column":14},"end":{"line":56,"column":71}},{"start":{"line":57,"column":14},"end":{"line":57,"column":43}}]},"6":{"line":61,"type":"switch","locations":[{"start":{"line":68,"column":4},"end":{"line":150,"column":14},"skip":true},{"start":{"line":156,"column":4},"end":{"line":323,"column":14},"skip":true}]},"7":{"line":70,"type":"if","locations":[{"start":{"line":70,"column":12},"end":{"line":70,"column":12},"skip":true},{"start":{"line":70,"column":12},"end":{"line":70,"column":12},"skip":true}]},"8":{"line":70,"type":"binary-expr","locations":[{"start":{"line":70,"column":16},"end":{"line":70,"column":22},"skip":true},{"start":{"line":70,"column":27},"end":{"line":70,"column":32},"skip":true},{"start":{"line":71,"column":20},"end":{"line":71,"column":39},"skip":true},{"start":{"line":72,"column":20},"end":{"line":72,"column":49},"skip":true},{"start":{"line":73,"column":20},"end":{"line":73,"column":58},"skip":true},{"start":{"line":74,"column":20},"end":{"line":74,"column":69},"skip":true}]},"9":{"line":79,"type":"switch","locations":[{"start":{"line":80,"column":20},"end":{"line":80,"column":33},"skip":true},{"start":{"line":81,"column":20},"end":{"line":83,"column":30},"skip":true},{"start":{"line":84,"column":20},"end":{"line":85,"column":49},"skip":true}]},"10":{"line":89,"type":"switch","locations":[{"start":{"line":90,"column":12},"end":{"line":103,"column":22},"skip":true},{"start":{"line":105,"column":12},"end":{"line":106,"column":22},"skip":true}]},"11":{"line":89,"type":"binary-expr","locations":[{"start":{"line":89,"column":20},"end":{"line":89,"column":25},"skip":true},{"start":{"line":89,"column":29},"end":{"line":89,"column":48},"skip":true},{"start":{"line":89,"column":52},"end":{"line":89,"column":74},"skip":true}]},"12":{"line":92,"type":"if","locations":[{"start":{"line":92,"column":16},"end":{"line":92,"column":16},"skip":true},{"start":{"line":92,"column":16},"end":{"line":92,"column":16},"skip":true}]},"13":{"line":108,"type":"if","locations":[{"start":{"line":108,"column":12},"end":{"line":108,"column":12},"skip":true},{"start":{"line":108,"column":12},"end":{"line":108,"column":12},"skip":true}]},"14":{"line":108,"type":"binary-expr","locations":[{"start":{"line":108,"column":16},"end":{"line":108,"column":61},"skip":true},{"start":{"line":108,"column":66},"end":{"line":108,"column":72},"skip":true},{"start":{"line":108,"column":77},"end":{"line":108,"column":82},"skip":true},{"start":{"line":109,"column":20},"end":{"line":109,"column":39},"skip":true},{"start":{"line":110,"column":20},"end":{"line":110,"column":49},"skip":true},{"start":{"line":111,"column":20},"end":{"line":111,"column":58},"skip":true},{"start":{"line":112,"column":20},"end":{"line":112,"column":68},"skip":true}]},"15":{"line":129,"type":"if","locations":[{"start":{"line":129,"column":16},"end":{"line":129,"column":16},"skip":true},{"start":{"line":129,"column":16},"end":{"line":129,"column":16},"skip":true}]},"16":{"line":134,"type":"cond-expr","locations":[{"start":{"line":135,"column":26},"end":{"line":135,"column":29},"skip":true},{"start":{"line":136,"column":26},"end":{"line":136,"column":54},"skip":true}]},"17":{"line":164,"type":"binary-expr","locations":[{"start":{"line":164,"column":27},"end":{"line":164,"column":43},"skip":true},{"start":{"line":164,"column":47},"end":{"line":164,"column":49},"skip":true}]},"18":{"line":258,"type":"if","locations":[{"start":{"line":258,"column":8},"end":{"line":258,"column":8},"skip":true},{"start":{"line":258,"column":8},"end":{"line":258,"column":8},"skip":true}]},"19":{"line":275,"type":"switch","locations":[{"start":{"line":276,"column":20},"end":{"line":277,"column":64},"skip":true},{"start":{"line":278,"column":20},"end":{"line":279,"column":40},"skip":true},{"start":{"line":280,"column":20},"end":{"line":281,"column":40},"skip":true},{"start":{"line":282,"column":20},"end":{"line":283,"column":39},"skip":true}]},"20":{"line":288,"type":"if","locations":[{"start":{"line":288,"column":8},"end":{"line":288,"column":8},"skip":true},{"start":{"line":288,"column":8},"end":{"line":288,"column":8},"skip":true}]},"21":{"line":288,"type":"binary-expr","locations":[{"start":{"line":288,"column":12},"end":{"line":288,"column":40},"skip":true},{"start":{"line":288,"column":44},"end":{"line":288,"column":67},"skip":true}]},"22":{"line":292,"type":"binary-expr","locations":[{"start":{"line":292,"column":12},"end":{"line":292,"column":50},"skip":true},{"start":{"line":293,"column":12},"end":{"line":293,"column":53},"skip":true}]},"23":{"line":295,"type":"binary-expr","locations":[{"start":{"line":295,"column":12},"end":{"line":295,"column":85},"skip":true},{"start":{"line":296,"column":12},"end":{"line":301,"column":36},"skip":true}]},"24":{"line":302,"type":"binary-expr","locations":[{"start":{"line":302,"column":43},"end":{"line":302,"column":75},"skip":true},{"start":{"line":302,"column":79},"end":{"line":302,"column":81},"skip":true}]},"25":{"line":305,"type":"if","locations":[{"start":{"line":305,"column":8},"end":{"line":305,"column":8},"skip":true},{"start":{"line":305,"column":8},"end":{"line":305,"column":8},"skip":true}]},"26":{"line":309,"type":"if","locations":[{"start":{"line":309,"column":8},"end":{"line":309,"column":8},"skip":true},{"start":{"line":309,"column":8},"end":{"line":309,"column":8},"skip":true}]},"27":{"line":312,"type":"binary-expr","locations":[{"start":{"line":312,"column":27},"end":{"line":312,"column":43},"skip":true},{"start":{"line":312,"column":47},"end":{"line":312,"column":53},"skip":true}]},"28":{"line":316,"type":"if","locations":[{"start":{"line":316,"column":12},"end":{"line":316,"column":12},"skip":true},{"start":{"line":316,"column":12},"end":{"line":316,"column":12},"skip":true}]}},"code":["/*","example.js","","quickstart example","","instruction","    1. save this script as example.js","    2. run the shell command:","        $ npm install npmtest-extract-text-webpack-plugin && PORT=8081 node example.js","    3. play with the browser-demo on http://127.0.0.1:8081","*/","","","","/* istanbul instrument in package npmtest_extract_text_webpack_plugin */","/*jslint","    bitwise: true,","    browser: true,","    maxerr: 8,","    maxlen: 96,","    node: true,","    nomen: true,","    regexp: true,","    stupid: true","*/","(function () {","    'use strict';","    var local;","","","","    // run shared js-env code - pre-init","    (function () {","        // init local","        local = {};","        // init modeJs","        local.modeJs = (function () {","            try {","                return typeof navigator.userAgent === 'string' &&","                    typeof document.querySelector('body') === 'object' &&","                    typeof XMLHttpRequest.prototype.open === 'function' &&","                    'browser';","            } catch (errorCaughtBrowser) {","                return module.exports &&","                    typeof process.versions.node === 'string' &&","                    typeof require('http').createServer === 'function' &&","                    'node';","            }","        }());","        // init global","        local.global = local.modeJs === 'browser'","            ? window","            : global;","        // init utility2_rollup","        local = local.global.utility2_rollup || (local.modeJs === 'browser'","            ? local.global.utility2_npmtest_extract_text_webpack_plugin","            : global.utility2_moduleExports);","        // export local","        local.global.local = local;","    }());","    switch (local.modeJs) {","","","","    // post-init","    // run browser js-env code - post-init","    /* istanbul ignore next */","    case 'browser':","        local.testRunBrowser = function (event) {","            if (!event || (event &&","                    event.currentTarget &&","                    event.currentTarget.className &&","                    event.currentTarget.className.includes &&","                    event.currentTarget.className.includes('onreset'))) {","                // reset output","                Array.from(","                    document.querySelectorAll('body > .resettable')","                ).forEach(function (element) {","                    switch (element.tagName) {","                    case 'INPUT':","                    case 'TEXTAREA':","                        element.value = '';","                        break;","                    default:","                        element.textContent = '';","                    }","                });","            }","            switch (event && event.currentTarget && event.currentTarget.id) {","            case 'testRunButton1':","                // show tests","                if (document.querySelector('#testReportDiv1').style.display === 'none') {","                    document.querySelector('#testReportDiv1').style.display = 'block';","                    document.querySelector('#testRunButton1').textContent =","                        'hide internal test';","                    local.modeTest = true;","                    local.testRunDefault(local);","                // hide tests","                } else {","                    document.querySelector('#testReportDiv1').style.display = 'none';","                    document.querySelector('#testRunButton1').textContent = 'run internal test';","                }","                break;","            // custom-case","            default:","                break;","            }","            if (document.querySelector('#inputTextareaEval1') && (!event || (event &&","                    event.currentTarget &&","                    event.currentTarget.className &&","                    event.currentTarget.className.includes &&","                    event.currentTarget.className.includes('oneval')))) {","                // try to eval input-code","                try {","                    /*jslint evil: true*/","                    eval(document.querySelector('#inputTextareaEval1').value);","                } catch (errorCaught) {","                    console.error(errorCaught);","                }","            }","        };","        // log stderr and stdout to #outputTextareaStdout1","        ['error', 'log'].forEach(function (key) {","            console[key + '_original'] = console[key];","            console[key] = function () {","                var element;","                console[key + '_original'].apply(console, arguments);","                element = document.querySelector('#outputTextareaStdout1');","                if (!element) {","                    return;","                }","                // append text to #outputTextareaStdout1","                element.value += Array.from(arguments).map(function (arg) {","                    return typeof arg === 'string'","                        ? arg","                        : JSON.stringify(arg, null, 4);","                }).join(' ') + '\\n';","                // scroll textarea to bottom","                element.scrollTop = element.scrollHeight;","            };","        });","        // init event-handling","        ['change', 'click', 'keyup'].forEach(function (event) {","            Array.from(document.querySelectorAll('.on' + event)).forEach(function (element) {","                element.addEventListener(event, local.testRunBrowser);","            });","        });","        // run tests","        local.testRunBrowser();","        break;","","","","    // run node js-env code - post-init","    /* istanbul ignore next */","    case 'node':","        // export local","        module.exports = local;","        // require modules","        local.fs = require('fs');","        local.http = require('http');","        local.url = require('url');","        // init assets","        local.assetsDict = local.assetsDict || {};","        /* jslint-ignore-begin */","        local.assetsDict['/assets.index.template.html'] = '\\","<!doctype html>\\n\\","<html lang=\"en\">\\n\\","<head>\\n\\","<meta charset=\"UTF-8\">\\n\\","<meta name=\"viewport\" content=\"width=device-width, initial-scale=1\">\\n\\","<title>{{env.npm_package_name}} (v{{env.npm_package_version}})</title>\\n\\","<style>\\n\\","/*csslint\\n\\","    box-sizing: false,\\n\\","    universal-selector: false\\n\\","*/\\n\\","* {\\n\\","    box-sizing: border-box;\\n\\","}\\n\\","body {\\n\\","    background: #dde;\\n\\","    font-family: Arial, Helvetica, sans-serif;\\n\\","    margin: 2rem;\\n\\","}\\n\\","body > * {\\n\\","    margin-bottom: 1rem;\\n\\","}\\n\\",".utility2FooterDiv {\\n\\","    margin-top: 20px;\\n\\","    text-align: center;\\n\\","}\\n\\","</style>\\n\\","<style>\\n\\","/*csslint\\n\\","*/\\n\\","textarea {\\n\\","    font-family: monospace;\\n\\","    height: 10rem;\\n\\","    width: 100%;\\n\\","}\\n\\","textarea[readonly] {\\n\\","    background: #ddd;\\n\\","}\\n\\","</style>\\n\\","</head>\\n\\","<body>\\n\\","<!-- utility2-comment\\n\\","<div id=\"ajaxProgressDiv1\" style=\"background: #d00; height: 2px; left: 0; margin: 0; padding: 0; position: fixed; top: 0; transition: background 0.5s, width 1.5s; width: 25%;\"></div>\\n\\","utility2-comment -->\\n\\","<h1>\\n\\","<!-- utility2-comment\\n\\","    <a\\n\\","        {{#if env.npm_package_homepage}}\\n\\","        href=\"{{env.npm_package_homepage}}\"\\n\\","        {{/if env.npm_package_homepage}}\\n\\","        target=\"_blank\"\\n\\","    >\\n\\","utility2-comment -->\\n\\","        {{env.npm_package_name}} (v{{env.npm_package_version}})\\n\\","<!-- utility2-comment\\n\\","    </a>\\n\\","utility2-comment -->\\n\\","</h1>\\n\\","<h3>{{env.npm_package_description}}</h3>\\n\\","<!-- utility2-comment\\n\\","<h4><a download href=\"assets.app.js\">download standalone app</a></h4>\\n\\","<button class=\"onclick onreset\" id=\"testRunButton1\">run internal test</button><br>\\n\\","<div id=\"testReportDiv1\" style=\"display: none;\"></div>\\n\\","utility2-comment -->\\n\\","\\n\\","\\n\\","\\n\\","<label>stderr and stdout</label>\\n\\","<textarea class=\"resettable\" id=\"outputTextareaStdout1\" readonly></textarea>\\n\\","<!-- utility2-comment\\n\\","{{#if isRollup}}\\n\\","<script src=\"assets.app.js\"></script>\\n\\","{{#unless isRollup}}\\n\\","utility2-comment -->\\n\\","<script src=\"assets.utility2.rollup.js\"></script>\\n\\","<script src=\"jsonp.utility2._stateInit?callback=window.utility2._stateInit\"></script>\\n\\","<script src=\"assets.npmtest_extract_text_webpack_plugin.rollup.js\"></script>\\n\\","<script src=\"assets.example.js\"></script>\\n\\","<script src=\"assets.test.js\"></script>\\n\\","<!-- utility2-comment\\n\\","{{/if isRollup}}\\n\\","utility2-comment -->\\n\\","<div class=\"utility2FooterDiv\">\\n\\","    [ this app was created with\\n\\","    <a href=\"https://github.com/kaizhu256/node-utility2\" target=\"_blank\">utility2</a>\\n\\","    ]\\n\\","</div>\\n\\","</body>\\n\\","</html>\\n\\","';","        /* jslint-ignore-end */","        if (local.templateRender) {","            local.assetsDict['/'] = local.templateRender(","                local.assetsDict['/assets.index.template.html'],","                {","                    env: local.objectSetDefault(local.env, {","                        npm_package_description: 'the greatest app in the world!',","                        npm_package_name: 'my-app',","                        npm_package_nameAlias: 'my_app',","                        npm_package_version: '0.0.1'","                    })","                }","            );","        } else {","            local.assetsDict['/'] = local.assetsDict['/assets.index.template.html']","                .replace((/\\{\\{env\\.(\\w+?)\\}\\}/g), function (match0, match1) {","                    // jslint-hack","                    String(match0);","                    switch (match1) {","                    case 'npm_package_description':","                        return 'the greatest app in the world!';","                    case 'npm_package_name':","                        return 'my-app';","                    case 'npm_package_nameAlias':","                        return 'my_app';","                    case 'npm_package_version':","                        return '0.0.1';","                    }","                });","        }","        // run the cli","        if (local.global.utility2_rollup || module !== require.main) {","            break;","        }","        local.assetsDict['/assets.example.js'] =","            local.assetsDict['/assets.example.js'] ||","            local.fs.readFileSync(__filename, 'utf8');","        local.assetsDict['/assets.npmtest_extract_text_webpack_plugin.rollup.js'] =","            local.assetsDict['/assets.npmtest_extract_text_webpack_plugin.rollup.js'] ||","            local.fs.readFileSync(","                // buildCustomOrg-hack","                local.npmtest_extract_text_webpack_plugin.__dirname +","                    '/lib.npmtest_extract_text_webpack_plugin.js',","                'utf8'","            ).replace((/^#!/), '//');","        local.assetsDict['/favicon.ico'] = local.assetsDict['/favicon.ico'] || '';","        // if $npm_config_timeout_exit exists,","        // then exit this process after $npm_config_timeout_exit ms","        if (Number(process.env.npm_config_timeout_exit)) {","            setTimeout(process.exit, Number(process.env.npm_config_timeout_exit));","        }","        // start server","        if (local.global.utility2_serverHttp1) {","            break;","        }","        process.env.PORT = process.env.PORT || '8081';","        console.error('server starting on port ' + process.env.PORT);","        local.http.createServer(function (request, response) {","            request.urlParsed = local.url.parse(request.url);","            if (local.assetsDict[request.urlParsed.pathname] !== undefined) {","                response.end(local.assetsDict[request.urlParsed.pathname]);","                return;","            }","            response.statusCode = 404;","            response.end();","        }).listen(process.env.PORT);","        break;","    }","}());",""],"l":{"26":2,"28":2,"33":2,"35":2,"37":2,"38":2,"39":2,"44":1,"51":2,"55":2,"59":2,"61":2,"69":1,"70":2,"76":2,"79":2,"82":2,"83":2,"85":1,"89":2,"92":1,"93":1,"94":1,"96":1,"97":1,"100":1,"101":1,"103":1,"106":1,"108":2,"114":1,"116":1,"118":1,"123":1,"124":2,"125":2,"126":2,"127":2,"128":2,"129":2,"130":1,"133":2,"134":2,"139":2,"143":1,"144":3,"145":1,"149":1,"150":1,"158":1,"160":1,"161":1,"162":1,"164":1,"166":1,"258":1,"259":1,"271":1,"274":6,"275":6,"277":1,"279":2,"281":1,"283":2,"288":1,"289":1,"291":1,"294":1,"302":1,"305":1,"306":1,"309":1,"310":1,"312":1,"313":1,"314":1,"315":1,"316":1,"317":1,"318":1,"320":1,"321":1,"323":1}},"/home/travis/build/npmtest/node-npmtest-extract-text-webpack-plugin/node_modules/extract-text-webpack-plugin/index.js":{"path":"/home/travis/build/npmtest/node-npmtest-extract-text-webpack-plugin/node_modules/extract-text-webpack-plugin/index.js","s":{"1":1,"2":1,"3":1,"4":1,"5":1,"6":1,"7":1,"8":1,"9":1,"10":1,"11":1,"12":1,"13":1,"14":0,"15":1,"16":0,"17":0,"18":0,"19":0,"20":0,"21":0,"22":0,"23":0,"24":0,"25":0,"26":0,"27":0,"28":0,"29":0,"30":0,"31":1,"32":0,"33":0,"34":0,"35":0,"36":0,"37":0,"38":0,"39":0,"40":1,"41":0,"42":0,"43":0,"44":0,"45":0,"46":0,"47":0,"48":0,"49":0,"50":0,"51":0,"52":1,"53":0,"54":0,"55":0,"56":0,"57":0,"58":1,"59":0,"60":0,"61":0,"62":1,"63":0,"64":0,"65":0,"66":0,"67":0,"68":0,"69":0,"70":0,"71":0,"72":0,"73":0,"74":0,"75":0,"76":0,"77":0,"78":0,"79":0,"80":0,"81":0,"82":0,"83":0,"84":0,"85":0,"86":0,"87":0,"88":1,"89":0,"90":0,"91":0,"92":0,"93":0,"94":0,"95":0,"96":0,"97":0,"98":0,"99":0,"100":1,"101":1,"102":0,"103":0,"104":0,"105":1,"106":0,"107":0,"108":0,"109":0,"110":0,"111":1,"112":0,"113":1,"114":0,"115":1,"116":0,"117":1,"118":0,"119":1,"120":0,"121":0,"122":0,"123":1,"124":0,"125":1,"126":0,"127":0,"128":0,"129":0,"130":0,"131":0,"132":0,"133":0,"134":0,"135":0,"136":0,"137":0,"138":0,"139":0,"140":0,"141":0,"142":0,"143":0,"144":0,"145":0,"146":0,"147":0,"148":0,"149":1,"150":1,"151":0,"152":0,"153":0,"154":0,"155":0,"156":0,"157":0,"158":0,"159":0,"160":0,"161":0,"162":0,"163":0,"164":0,"165":0,"166":0,"167":0,"168":0,"169":0,"170":0,"171":0,"172":0,"173":0,"174":0,"175":0,"176":0,"177":0,"178":0,"179":0,"180":0,"181":0,"182":0,"183":0,"184":0,"185":0,"186":0,"187":0,"188":0,"189":0,"190":0,"191":0,"192":0,"193":0,"194":0,"195":0,"196":0,"197":0,"198":0,"199":0,"200":0,"201":0,"202":0,"203":0,"204":0,"205":0,"206":0,"207":0,"208":0,"209":0,"210":0,"211":0,"212":0,"213":0,"214":0,"215":0,"216":0,"217":0,"218":0,"219":0,"220":0,"221":0,"222":0,"223":0,"224":0,"225":0,"226":0,"227":0,"228":0,"229":0,"230":0,"231":0,"232":0,"233":0},"b":{"1":[0,0],"2":[0,0],"3":[0,0],"4":[0,0],"5":[0,0],"6":[0,0],"7":[0,0],"8":[0,0],"9":[0,0],"10":[0,0],"11":[0,0],"12":[0,0],"13":[0,0],"14":[0,0],"15":[0,0],"16":[0,0],"17":[0,0],"18":[0,0],"19":[0,0],"20":[0,0],"21":[0,0],"22":[0,0],"23":[0,0],"24":[0,0],"25":[0,0],"26":[0,0],"27":[0,0],"28":[0,0],"29":[0,0],"30":[0,0],"31":[0,0,0,0],"32":[0,0],"33":[0,0,0],"34":[0,0],"35":[0,0],"36":[0,0],"37":[0,0],"38":[0,0],"39":[0,0],"40":[0,0],"41":[0,0],"42":[0,0],"43":[0,0],"44":[0,0,0],"45":[0,0],"46":[0,0],"47":[0,0],"48":[0,0],"49":[0,0],"50":[0,0],"51":[0,0],"52":[0,0],"53":[0,0],"54":[0,0],"55":[0,0],"56":[0,0],"57":[0,0]},"f":{"1":0,"2":0,"3":0,"4":0,"5":0,"6":0,"7":0,"8":0,"9":0,"10":0,"11":0,"12":0,"13":0,"14":0,"15":0,"16":0,"17":0,"18":0,"19":0,"20":0,"21":0,"22":0,"23":0,"24":0,"25":0,"26":0,"27":0,"28":0,"29":0,"30":0,"31":0,"32":0,"33":0,"34":0,"35":0,"36":0,"37":0,"38":0,"39":0,"40":0,"41":0,"42":0,"43":0,"44":0},"fnMap":{"1":{"name":"ExtractTextPluginCompilation","line":20,"loc":{"start":{"line":20,"column":0},"end":{"line":20,"column":40}}},"2":{"name":"(anonymous_2)","line":24,"loc":{"start":{"line":24,"column":52},"end":{"line":24,"column":94}}},"3":{"name":"(anonymous_3)","line":27,"loc":{"start":{"line":27,"column":23},"end":{"line":27,"column":35}}},"4":{"name":"(anonymous_4)","line":33,"loc":{"start":{"line":33,"column":32},"end":{"line":33,"column":49}}},"5":{"name":"(anonymous_5)","line":37,"loc":{"start":{"line":37,"column":23},"end":{"line":37,"column":35}}},"6":{"name":"(anonymous_6)","line":44,"loc":{"start":{"line":44,"column":51},"end":{"line":44,"column":143}}},"7":{"name":"(anonymous_7)","line":58,"loc":{"start":{"line":58,"column":58},"end":{"line":58,"column":119}}},"8":{"name":"(anonymous_8)","line":64,"loc":{"start":{"line":64,"column":16},"end":{"line":64,"column":31}}},"9":{"name":"(anonymous_9)","line":74,"loc":{"start":{"line":74,"column":51},"end":{"line":74,"column":67}}},"10":{"name":"(anonymous_10)","line":76,"loc":{"start":{"line":76,"column":23},"end":{"line":76,"column":40}}},"11":{"name":"isInvalidOrder","line":83,"loc":{"start":{"line":83,"column":0},"end":{"line":83,"column":30}}},"12":{"name":"getOrder","line":89,"loc":{"start":{"line":89,"column":0},"end":{"line":89,"column":24}}},"13":{"name":"ExtractTextPlugin","line":109,"loc":{"start":{"line":109,"column":0},"end":{"line":109,"column":36}}},"14":{"name":"getLoaderObject","line":136,"loc":{"start":{"line":136,"column":0},"end":{"line":136,"column":33}}},"15":{"name":"mergeOptions","line":143,"loc":{"start":{"line":143,"column":0},"end":{"line":143,"column":28}}},"16":{"name":"(anonymous_16)","line":145,"loc":{"start":{"line":145,"column":24},"end":{"line":145,"column":38}}},"17":{"name":"isString","line":151,"loc":{"start":{"line":151,"column":0},"end":{"line":151,"column":21}}},"18":{"name":"isFunction","line":155,"loc":{"start":{"line":155,"column":0},"end":{"line":155,"column":23}}},"19":{"name":"isType","line":159,"loc":{"start":{"line":159,"column":0},"end":{"line":159,"column":27}}},"20":{"name":"(anonymous_20)","line":163,"loc":{"start":{"line":163,"column":27},"end":{"line":163,"column":45}}},"21":{"name":"(anonymous_21)","line":167,"loc":{"start":{"line":167,"column":57},"end":{"line":167,"column":80}}},"22":{"name":"(anonymous_22)","line":178,"loc":{"start":{"line":178,"column":37},"end":{"line":178,"column":55}}},"23":{"name":"(anonymous_23)","line":182,"loc":{"start":{"line":182,"column":38},"end":{"line":182,"column":56}}},"24":{"name":"(anonymous_24)","line":228,"loc":{"start":{"line":228,"column":36},"end":{"line":228,"column":55}}},"25":{"name":"(anonymous_25)","line":230,"loc":{"start":{"line":230,"column":37},"end":{"line":230,"column":59}}},"26":{"name":"(anonymous_26)","line":232,"loc":{"start":{"line":232,"column":45},"end":{"line":232,"column":77}}},"27":{"name":"(anonymous_27)","line":233,"loc":{"start":{"line":233,"column":23},"end":{"line":233,"column":46}}},"28":{"name":"(anonymous_28)","line":248,"loc":{"start":{"line":248,"column":38},"end":{"line":248,"column":74}}},"29":{"name":"(anonymous_29)","line":249,"loc":{"start":{"line":249,"column":32},"end":{"line":249,"column":43}}},"30":{"name":"(anonymous_30)","line":252,"loc":{"start":{"line":252,"column":18},"end":{"line":252,"column":37}}},"31":{"name":"(anonymous_31)","line":258,"loc":{"start":{"line":258,"column":25},"end":{"line":258,"column":37}}},"32":{"name":"(anonymous_32)","line":261,"loc":{"start":{"line":261,"column":26},"end":{"line":261,"column":38}}},"33":{"name":"(anonymous_33)","line":265,"loc":{"start":{"line":265,"column":25},"end":{"line":265,"column":51}}},"34":{"name":"(anonymous_34)","line":268,"loc":{"start":{"line":268,"column":41},"end":{"line":268,"column":68}}},"35":{"name":"(anonymous_35)","line":274,"loc":{"start":{"line":274,"column":41},"end":{"line":274,"column":55}}},"36":{"name":"(anonymous_36)","line":295,"loc":{"start":{"line":295,"column":7},"end":{"line":295,"column":21}}},"37":{"name":"(anonymous_37)","line":299,"loc":{"start":{"line":299,"column":6},"end":{"line":299,"column":20}}},"38":{"name":"(anonymous_38)","line":301,"loc":{"start":{"line":301,"column":28},"end":{"line":301,"column":53}}},"39":{"name":"(anonymous_39)","line":305,"loc":{"start":{"line":305,"column":28},"end":{"line":305,"column":53}}},"40":{"name":"(anonymous_40)","line":307,"loc":{"start":{"line":307,"column":45},"end":{"line":307,"column":62}}},"41":{"name":"(anonymous_41)","line":316,"loc":{"start":{"line":316,"column":42},"end":{"line":316,"column":61}}},"42":{"name":"(anonymous_42)","line":317,"loc":{"start":{"line":317,"column":27},"end":{"line":317,"column":52}}},"43":{"name":"(anonymous_43)","line":319,"loc":{"start":{"line":319,"column":33},"end":{"line":319,"column":48}}},"44":{"name":"(anonymous_44)","line":331,"loc":{"start":{"line":331,"column":76},"end":{"line":331,"column":87}}}},"statementMap":{"1":{"start":{"line":5,"column":0},"end":{"line":5,"column":23}},"2":{"start":{"line":6,"column":0},"end":{"line":6,"column":59}},"3":{"start":{"line":7,"column":0},"end":{"line":7,"column":29}},"4":{"start":{"line":8,"column":0},"end":{"line":8,"column":51}},"5":{"start":{"line":9,"column":0},"end":{"line":9,"column":41}},"6":{"start":{"line":10,"column":0},"end":{"line":10,"column":59}},"7":{"start":{"line":11,"column":0},"end":{"line":11,"column":42}},"8":{"start":{"line":12,"column":0},"end":{"line":12,"column":49}},"9":{"start":{"line":13,"column":0},"end":{"line":13,"column":53}},"10":{"start":{"line":14,"column":0},"end":{"line":14,"column":58}},"11":{"start":{"line":16,"column":0},"end":{"line":16,"column":36}},"12":{"start":{"line":18,"column":0},"end":{"line":18,"column":15}},"13":{"start":{"line":20,"column":0},"end":{"line":22,"column":1}},"14":{"start":{"line":21,"column":1},"end":{"line":21,"column":31}},"15":{"start":{"line":24,"column":0},"end":{"line":42,"column":2}},"16":{"start":{"line":25,"column":1},"end":{"line":41,"column":2}},"17":{"start":{"line":26,"column":2},"end":{"line":26,"column":21}},"18":{"start":{"line":27,"column":2},"end":{"line":30,"column":11}},"19":{"start":{"line":28,"column":3},"end":{"line":28,"column":28}},"20":{"start":{"line":28,"column":21},"end":{"line":28,"column":28}},"21":{"start":{"line":29,"column":3},"end":{"line":29,"column":55}},"22":{"start":{"line":31,"column":8},"end":{"line":41,"column":2}},"23":{"start":{"line":32,"column":2},"end":{"line":32,"column":28}},"24":{"start":{"line":33,"column":2},"end":{"line":36,"column":5}},"25":{"start":{"line":34,"column":3},"end":{"line":34,"column":31}},"26":{"start":{"line":35,"column":3},"end":{"line":35,"column":30}},"27":{"start":{"line":37,"column":2},"end":{"line":40,"column":11}},"28":{"start":{"line":38,"column":3},"end":{"line":38,"column":28}},"29":{"start":{"line":38,"column":21},"end":{"line":38,"column":28}},"30":{"start":{"line":39,"column":3},"end":{"line":39,"column":59}},"31":{"start":{"line":44,"column":0},"end":{"line":56,"column":2}},"32":{"start":{"line":45,"column":1},"end":{"line":45,"column":7}},"33":{"start":{"line":46,"column":1},"end":{"line":54,"column":2}},"34":{"start":{"line":47,"column":2},"end":{"line":47,"column":148}},"35":{"start":{"line":49,"column":2},"end":{"line":49,"column":43}},"36":{"start":{"line":50,"column":2},"end":{"line":50,"column":32}},"37":{"start":{"line":51,"column":2},"end":{"line":53,"column":3}},"38":{"start":{"line":52,"column":3},"end":{"line":52,"column":39}},"39":{"start":{"line":55,"column":1},"end":{"line":55,"column":10}},"40":{"start":{"line":58,"column":0},"end":{"line":72,"column":2}},"41":{"start":{"line":59,"column":1},"end":{"line":61,"column":2}},"42":{"start":{"line":60,"column":2},"end":{"line":60,"column":34}},"43":{"start":{"line":62,"column":1},"end":{"line":62,"column":21}},"44":{"start":{"line":63,"column":1},"end":{"line":63,"column":22}},"45":{"start":{"line":64,"column":1},"end":{"line":71,"column":10}},"46":{"start":{"line":65,"column":2},"end":{"line":65,"column":30}},"47":{"start":{"line":66,"column":2},"end":{"line":66,"column":126}},"48":{"start":{"line":67,"column":2},"end":{"line":67,"column":35}},"49":{"start":{"line":68,"column":2},"end":{"line":68,"column":34}},"50":{"start":{"line":69,"column":2},"end":{"line":69,"column":37}},"51":{"start":{"line":70,"column":2},"end":{"line":70,"column":27}},"52":{"start":{"line":74,"column":0},"end":{"line":81,"column":2}},"53":{"start":{"line":75,"column":1},"end":{"line":75,"column":33}},"54":{"start":{"line":76,"column":1},"end":{"line":79,"column":10}},"55":{"start":{"line":77,"column":2},"end":{"line":77,"column":37}},"56":{"start":{"line":78,"column":2},"end":{"line":78,"column":90}},"57":{"start":{"line":80,"column":1},"end":{"line":80,"column":15}},"58":{"start":{"line":83,"column":0},"end":{"line":87,"column":1}},"59":{"start":{"line":84,"column":1},"end":{"line":84,"column":51}},"60":{"start":{"line":85,"column":1},"end":{"line":85,"column":51}},"61":{"start":{"line":86,"column":1},"end":{"line":86,"column":29}},"62":{"start":{"line":89,"column":0},"end":{"line":107,"column":1}},"63":{"start":{"line":90,"column":1},"end":{"line":90,"column":27}},"64":{"start":{"line":91,"column":1},"end":{"line":91,"column":27}},"65":{"start":{"line":92,"column":1},"end":{"line":92,"column":31}},"66":{"start":{"line":92,"column":21},"end":{"line":92,"column":31}},"67":{"start":{"line":93,"column":1},"end":{"line":93,"column":30}},"68":{"start":{"line":93,"column":21},"end":{"line":93,"column":30}},"69":{"start":{"line":94,"column":1},"end":{"line":94,"column":43}},"70":{"start":{"line":95,"column":1},"end":{"line":95,"column":43}},"71":{"start":{"line":96,"column":1},"end":{"line":96,"column":31}},"72":{"start":{"line":96,"column":21},"end":{"line":96,"column":31}},"73":{"start":{"line":97,"column":1},"end":{"line":97,"column":30}},"74":{"start":{"line":97,"column":21},"end":{"line":97,"column":30}},"75":{"start":{"line":98,"column":1},"end":{"line":98,"column":51}},"76":{"start":{"line":99,"column":1},"end":{"line":99,"column":51}},"77":{"start":{"line":100,"column":1},"end":{"line":100,"column":37}},"78":{"start":{"line":100,"column":27},"end":{"line":100,"column":37}},"79":{"start":{"line":101,"column":1},"end":{"line":101,"column":36}},"80":{"start":{"line":101,"column":27},"end":{"line":101,"column":36}},"81":{"start":{"line":102,"column":1},"end":{"line":102,"column":25}},"82":{"start":{"line":103,"column":1},"end":{"line":103,"column":25}},"83":{"start":{"line":104,"column":1},"end":{"line":104,"column":23}},"84":{"start":{"line":104,"column":13},"end":{"line":104,"column":23}},"85":{"start":{"line":105,"column":1},"end":{"line":105,"column":22}},"86":{"start":{"line":105,"column":13},"end":{"line":105,"column":22}},"87":{"start":{"line":106,"column":1},"end":{"line":106,"column":10}},"88":{"start":{"line":109,"column":0},"end":{"line":133,"column":1}},"89":{"start":{"line":110,"column":1},"end":{"line":121,"column":2}},"90":{"start":{"line":111,"column":2},"end":{"line":120,"column":32}},"91":{"start":{"line":122,"column":1},"end":{"line":126,"column":2}},"92":{"start":{"line":123,"column":2},"end":{"line":123,"column":34}},"93":{"start":{"line":125,"column":2},"end":{"line":125,"column":38}},"94":{"start":{"line":127,"column":1},"end":{"line":127,"column":34}},"95":{"start":{"line":128,"column":1},"end":{"line":128,"column":54}},"96":{"start":{"line":129,"column":1},"end":{"line":129,"column":19}},"97":{"start":{"line":130,"column":1},"end":{"line":130,"column":37}},"98":{"start":{"line":131,"column":1},"end":{"line":131,"column":30}},"99":{"start":{"line":132,"column":1},"end":{"line":132,"column":24}},"100":{"start":{"line":134,"column":0},"end":{"line":134,"column":35}},"101":{"start":{"line":136,"column":0},"end":{"line":141,"column":1}},"102":{"start":{"line":137,"column":1},"end":{"line":139,"column":2}},"103":{"start":{"line":138,"column":2},"end":{"line":138,"column":26}},"104":{"start":{"line":140,"column":1},"end":{"line":140,"column":15}},"105":{"start":{"line":143,"column":0},"end":{"line":149,"column":1}},"106":{"start":{"line":144,"column":1},"end":{"line":144,"column":17}},"107":{"start":{"line":144,"column":8},"end":{"line":144,"column":17}},"108":{"start":{"line":145,"column":1},"end":{"line":147,"column":4}},"109":{"start":{"line":146,"column":2},"end":{"line":146,"column":18}},"110":{"start":{"line":148,"column":1},"end":{"line":148,"column":10}},"111":{"start":{"line":151,"column":0},"end":{"line":153,"column":1}},"112":{"start":{"line":152,"column":1},"end":{"line":152,"column":30}},"113":{"start":{"line":155,"column":0},"end":{"line":157,"column":1}},"114":{"start":{"line":156,"column":1},"end":{"line":156,"column":30}},"115":{"start":{"line":159,"column":0},"end":{"line":161,"column":1}},"116":{"start":{"line":160,"column":1},"end":{"line":160,"column":72}},"117":{"start":{"line":163,"column":0},"end":{"line":165,"column":2}},"118":{"start":{"line":164,"column":1},"end":{"line":164,"column":66}},"119":{"start":{"line":167,"column":0},"end":{"line":176,"column":2}},"120":{"start":{"line":168,"column":1},"end":{"line":174,"column":2}},"121":{"start":{"line":169,"column":2},"end":{"line":173,"column":4}},"122":{"start":{"line":175,"column":1},"end":{"line":175,"column":15}},"123":{"start":{"line":178,"column":0},"end":{"line":180,"column":2}},"124":{"start":{"line":179,"column":1},"end":{"line":179,"column":71}},"125":{"start":{"line":182,"column":0},"end":{"line":224,"column":1}},"126":{"start":{"line":183,"column":1},"end":{"line":194,"column":2}},"127":{"start":{"line":184,"column":2},"end":{"line":193,"column":34}},"128":{"start":{"line":195,"column":1},"end":{"line":197,"column":2}},"129":{"start":{"line":196,"column":2},"end":{"line":196,"column":86}},"130":{"start":{"line":198,"column":1},"end":{"line":200,"column":2}},"131":{"start":{"line":199,"column":2},"end":{"line":199,"column":73}},"132":{"start":{"line":201,"column":1},"end":{"line":205,"column":2}},"133":{"start":{"line":202,"column":2},"end":{"line":202,"column":32}},"134":{"start":{"line":204,"column":2},"end":{"line":204,"column":38}},"135":{"start":{"line":206,"column":1},"end":{"line":206,"column":45}},"136":{"start":{"line":207,"column":1},"end":{"line":207,"column":63}},"137":{"start":{"line":208,"column":1},"end":{"line":210,"column":2}},"138":{"start":{"line":209,"column":2},"end":{"line":209,"column":29}},"139":{"start":{"line":211,"column":1},"end":{"line":215,"column":2}},"140":{"start":{"line":212,"column":2},"end":{"line":212,"column":29}},"141":{"start":{"line":213,"column":8},"end":{"line":215,"column":2}},"142":{"start":{"line":214,"column":2},"end":{"line":214,"column":20}},"143":{"start":{"line":216,"column":1},"end":{"line":216,"column":70}},"144":{"start":{"line":217,"column":1},"end":{"line":217,"column":23}},"145":{"start":{"line":218,"column":1},"end":{"line":218,"column":20}},"146":{"start":{"line":219,"column":1},"end":{"line":219,"column":25}},"147":{"start":{"line":220,"column":1},"end":{"line":220,"column":31}},"148":{"start":{"line":221,"column":1},"end":{"line":223,"column":24}},"149":{"start":{"line":226,"column":0},"end":{"line":226,"column":88}},"150":{"start":{"line":228,"column":0},"end":{"line":344,"column":2}},"151":{"start":{"line":229,"column":1},"end":{"line":229,"column":28}},"152":{"start":{"line":230,"column":1},"end":{"line":343,"column":15}},"153":{"start":{"line":231,"column":2},"end":{"line":231,"column":62}},"154":{"start":{"line":232,"column":2},"end":{"line":244,"column":5}},"155":{"start":{"line":233,"column":3},"end":{"line":243,"column":5}},"156":{"start":{"line":234,"column":4},"end":{"line":235,"column":18}},"157":{"start":{"line":235,"column":5},"end":{"line":235,"column":18}},"158":{"start":{"line":236,"column":4},"end":{"line":237,"column":97}},"159":{"start":{"line":237,"column":5},"end":{"line":237,"column":97}},"160":{"start":{"line":238,"column":4},"end":{"line":241,"column":6}},"161":{"start":{"line":242,"column":4},"end":{"line":242,"column":56}},"162":{"start":{"line":245,"column":2},"end":{"line":245,"column":31}},"163":{"start":{"line":246,"column":2},"end":{"line":246,"column":19}},"164":{"start":{"line":247,"column":2},"end":{"line":247,"column":50}},"165":{"start":{"line":248,"column":2},"end":{"line":315,"column":16}},"166":{"start":{"line":249,"column":3},"end":{"line":251,"column":6}},"167":{"start":{"line":250,"column":4},"end":{"line":250,"column":23}},"168":{"start":{"line":252,"column":3},"end":{"line":264,"column":6}},"169":{"start":{"line":253,"column":4},"end":{"line":253,"column":44}},"170":{"start":{"line":254,"column":4},"end":{"line":254,"column":29}},"171":{"start":{"line":255,"column":4},"end":{"line":255,"column":41}},"172":{"start":{"line":256,"column":4},"end":{"line":256,"column":37}},"173":{"start":{"line":257,"column":4},"end":{"line":257,"column":51}},"174":{"start":{"line":258,"column":4},"end":{"line":260,"column":7}},"175":{"start":{"line":259,"column":5},"end":{"line":259,"column":65}},"176":{"start":{"line":261,"column":4},"end":{"line":263,"column":7}},"177":{"start":{"line":262,"column":5},"end":{"line":262,"column":66}},"178":{"start":{"line":265,"column":3},"end":{"line":314,"column":17}},"179":{"start":{"line":266,"column":4},"end":{"line":266,"column":64}},"180":{"start":{"line":267,"column":4},"end":{"line":267,"column":67}},"181":{"start":{"line":268,"column":4},"end":{"line":298,"column":7}},"182":{"start":{"line":269,"column":5},"end":{"line":269,"column":27}},"183":{"start":{"line":270,"column":5},"end":{"line":294,"column":23}},"184":{"start":{"line":271,"column":6},"end":{"line":271,"column":53}},"185":{"start":{"line":272,"column":6},"end":{"line":293,"column":7}},"186":{"start":{"line":273,"column":7},"end":{"line":273,"column":47}},"187":{"start":{"line":274,"column":7},"end":{"line":288,"column":10}},"188":{"start":{"line":275,"column":8},"end":{"line":278,"column":9}},"189":{"start":{"line":276,"column":9},"end":{"line":276,"column":38}},"190":{"start":{"line":277,"column":9},"end":{"line":277,"column":27}},"191":{"start":{"line":279,"column":8},"end":{"line":279,"column":26}},"192":{"start":{"line":280,"column":8},"end":{"line":284,"column":9}},"193":{"start":{"line":281,"column":9},"end":{"line":281,"column":74}},"194":{"start":{"line":282,"column":9},"end":{"line":282,"column":38}},"195":{"start":{"line":283,"column":9},"end":{"line":283,"column":27}},"196":{"start":{"line":285,"column":8},"end":{"line":286,"column":104}},"197":{"start":{"line":286,"column":9},"end":{"line":286,"column":104}},"198":{"start":{"line":287,"column":8},"end":{"line":287,"column":19}},"199":{"start":{"line":290,"column":7},"end":{"line":291,"column":103}},"200":{"start":{"line":291,"column":8},"end":{"line":291,"column":103}},"201":{"start":{"line":292,"column":7},"end":{"line":292,"column":18}},"202":{"start":{"line":294,"column":12},"end":{"line":294,"column":23}},"203":{"start":{"line":296,"column":5},"end":{"line":296,"column":34}},"204":{"start":{"line":296,"column":13},"end":{"line":296,"column":34}},"205":{"start":{"line":297,"column":5},"end":{"line":297,"column":16}},"206":{"start":{"line":300,"column":4},"end":{"line":300,"column":33}},"207":{"start":{"line":300,"column":12},"end":{"line":300,"column":33}},"208":{"start":{"line":301,"column":4},"end":{"line":304,"column":13}},"209":{"start":{"line":302,"column":5},"end":{"line":303,"column":49}},"210":{"start":{"line":303,"column":6},"end":{"line":303,"column":49}},"211":{"start":{"line":305,"column":4},"end":{"line":311,"column":7}},"212":{"start":{"line":306,"column":5},"end":{"line":310,"column":6}},"213":{"start":{"line":307,"column":6},"end":{"line":309,"column":9}},"214":{"start":{"line":308,"column":7},"end":{"line":308,"column":43}},"215":{"start":{"line":312,"column":4},"end":{"line":312,"column":75}},"216":{"start":{"line":313,"column":4},"end":{"line":313,"column":15}},"217":{"start":{"line":316,"column":2},"end":{"line":342,"column":16}},"218":{"start":{"line":317,"column":3},"end":{"line":340,"column":12}},"219":{"start":{"line":318,"column":4},"end":{"line":339,"column":5}},"220":{"start":{"line":319,"column":5},"end":{"line":325,"column":8}},"221":{"start":{"line":320,"column":6},"end":{"line":323,"column":7}},"222":{"start":{"line":321,"column":7},"end":{"line":321,"column":79}},"223":{"start":{"line":322,"column":7},"end":{"line":322,"column":79}},"224":{"start":{"line":324,"column":6},"end":{"line":324,"column":28}},"225":{"start":{"line":326,"column":5},"end":{"line":326,"column":46}},"226":{"start":{"line":327,"column":5},"end":{"line":327,"column":60}},"227":{"start":{"line":329,"column":5},"end":{"line":333,"column":8}},"228":{"start":{"line":329,"column":31},"end":{"line":333,"column":7}},"229":{"start":{"line":332,"column":6},"end":{"line":332,"column":112}},"230":{"start":{"line":335,"column":5},"end":{"line":335,"column":79}},"231":{"start":{"line":337,"column":5},"end":{"line":337,"column":39}},"232":{"start":{"line":338,"column":5},"end":{"line":338,"column":28}},"233":{"start":{"line":341,"column":3},"end":{"line":341,"column":14}}},"branchMap":{"1":{"line":25,"type":"if","locations":[{"start":{"line":25,"column":1},"end":{"line":25,"column":1}},{"start":{"line":25,"column":1},"end":{"line":25,"column":1}}]},"2":{"line":28,"type":"if","locations":[{"start":{"line":28,"column":3},"end":{"line":28,"column":3}},{"start":{"line":28,"column":3},"end":{"line":28,"column":3}}]},"3":{"line":31,"type":"if","locations":[{"start":{"line":31,"column":8},"end":{"line":31,"column":8}},{"start":{"line":31,"column":8},"end":{"line":31,"column":8}}]},"4":{"line":38,"type":"if","locations":[{"start":{"line":38,"column":3},"end":{"line":38,"column":3}},{"start":{"line":38,"column":3},"end":{"line":38,"column":3}}]},"5":{"line":46,"type":"if","locations":[{"start":{"line":46,"column":1},"end":{"line":46,"column":1}},{"start":{"line":46,"column":1},"end":{"line":46,"column":1}}]},"6":{"line":51,"type":"if","locations":[{"start":{"line":51,"column":2},"end":{"line":51,"column":2}},{"start":{"line":51,"column":2},"end":{"line":51,"column":2}}]},"7":{"line":59,"type":"if","locations":[{"start":{"line":59,"column":1},"end":{"line":59,"column":1}},{"start":{"line":59,"column":1},"end":{"line":59,"column":1}}]},"8":{"line":66,"type":"binary-expr","locations":[{"start":{"line":66,"column":52},"end":{"line":66,"column":53}},{"start":{"line":66,"column":57},"end":{"line":66,"column":59}}]},"9":{"line":69,"type":"binary-expr","locations":[{"start":{"line":69,"column":25},"end":{"line":69,"column":26}},{"start":{"line":69,"column":30},"end":{"line":69,"column":31}}]},"10":{"line":86,"type":"binary-expr","locations":[{"start":{"line":86,"column":8},"end":{"line":86,"column":16}},{"start":{"line":86,"column":20},"end":{"line":86,"column":28}}]},"11":{"line":92,"type":"if","locations":[{"start":{"line":92,"column":1},"end":{"line":92,"column":1}},{"start":{"line":92,"column":1},"end":{"line":92,"column":1}}]},"12":{"line":93,"type":"if","locations":[{"start":{"line":93,"column":1},"end":{"line":93,"column":1}},{"start":{"line":93,"column":1},"end":{"line":93,"column":1}}]},"13":{"line":96,"type":"if","locations":[{"start":{"line":96,"column":1},"end":{"line":96,"column":1}},{"start":{"line":96,"column":1},"end":{"line":96,"column":1}}]},"14":{"line":97,"type":"if","locations":[{"start":{"line":97,"column":1},"end":{"line":97,"column":1}},{"start":{"line":97,"column":1},"end":{"line":97,"column":1}}]},"15":{"line":100,"type":"if","locations":[{"start":{"line":100,"column":1},"end":{"line":100,"column":1}},{"start":{"line":100,"column":1},"end":{"line":100,"column":1}}]},"16":{"line":100,"type":"binary-expr","locations":[{"start":{"line":100,"column":4},"end":{"line":100,"column":12}},{"start":{"line":100,"column":16},"end":{"line":100,"column":25}}]},"17":{"line":101,"type":"if","locations":[{"start":{"line":101,"column":1},"end":{"line":101,"column":1}},{"start":{"line":101,"column":1},"end":{"line":101,"column":1}}]},"18":{"line":101,"type":"binary-expr","locations":[{"start":{"line":101,"column":4},"end":{"line":101,"column":13}},{"start":{"line":101,"column":17},"end":{"line":101,"column":25}}]},"19":{"line":104,"type":"if","locations":[{"start":{"line":104,"column":1},"end":{"line":104,"column":1}},{"start":{"line":104,"column":1},"end":{"line":104,"column":1}}]},"20":{"line":105,"type":"if","locations":[{"start":{"line":105,"column":1},"end":{"line":105,"column":1}},{"start":{"line":105,"column":1},"end":{"line":105,"column":1}}]},"21":{"line":110,"type":"if","locations":[{"start":{"line":110,"column":1},"end":{"line":110,"column":1}},{"start":{"line":110,"column":1},"end":{"line":110,"column":1}}]},"22":{"line":122,"type":"if","locations":[{"start":{"line":122,"column":1},"end":{"line":122,"column":1}},{"start":{"line":122,"column":1},"end":{"line":122,"column":1}}]},"23":{"line":128,"type":"cond-expr","locations":[{"start":{"line":128,"column":32},"end":{"line":128,"column":42}},{"start":{"line":128,"column":45},"end":{"line":128,"column":53}}]},"24":{"line":137,"type":"if","locations":[{"start":{"line":137,"column":1},"end":{"line":137,"column":1}},{"start":{"line":137,"column":1},"end":{"line":137,"column":1}}]},"25":{"line":144,"type":"if","locations":[{"start":{"line":144,"column":1},"end":{"line":144,"column":1}},{"start":{"line":144,"column":1},"end":{"line":144,"column":1}}]},"26":{"line":168,"type":"if","locations":[{"start":{"line":168,"column":1},"end":{"line":168,"column":1}},{"start":{"line":168,"column":1},"end":{"line":168,"column":1}}]},"27":{"line":183,"type":"if","locations":[{"start":{"line":183,"column":1},"end":{"line":183,"column":1}},{"start":{"line":183,"column":1},"end":{"line":183,"column":1}}]},"28":{"line":195,"type":"if","locations":[{"start":{"line":195,"column":1},"end":{"line":195,"column":1}},{"start":{"line":195,"column":1},"end":{"line":195,"column":1}}]},"29":{"line":198,"type":"if","locations":[{"start":{"line":198,"column":1},"end":{"line":198,"column":1}},{"start":{"line":198,"column":1},"end":{"line":198,"column":1}}]},"30":{"line":201,"type":"if","locations":[{"start":{"line":201,"column":1},"end":{"line":201,"column":1}},{"start":{"line":201,"column":1},"end":{"line":201,"column":1}}]},"31":{"line":201,"type":"binary-expr","locations":[{"start":{"line":201,"column":4},"end":{"line":201,"column":26}},{"start":{"line":201,"column":30},"end":{"line":201,"column":47}},{"start":{"line":201,"column":51},"end":{"line":201,"column":86}},{"start":{"line":201,"column":90},"end":{"line":201,"column":123}}]},"32":{"line":206,"type":"binary-expr","locations":[{"start":{"line":206,"column":14},"end":{"line":206,"column":25}},{"start":{"line":206,"column":30},"end":{"line":206,"column":44}}]},"33":{"line":207,"type":"binary-expr","locations":[{"start":{"line":207,"column":14},"end":{"line":207,"column":30}},{"start":{"line":207,"column":34},"end":{"line":207,"column":56}},{"start":{"line":207,"column":60},"end":{"line":207,"column":62}}]},"34":{"line":208,"type":"if","locations":[{"start":{"line":208,"column":1},"end":{"line":208,"column":1}},{"start":{"line":208,"column":1},"end":{"line":208,"column":1}}]},"35":{"line":211,"type":"if","locations":[{"start":{"line":211,"column":1},"end":{"line":211,"column":1}},{"start":{"line":211,"column":1},"end":{"line":211,"column":1}}]},"36":{"line":213,"type":"if","locations":[{
[...]
column":36}}},"branchMap":{"1":{"line":10,"type":"if","locations":[{"start":{"line":10,"column":1},"end":{"line":10,"column":1}},{"start":{"line":10,"column":1},"end":{"line":10,"column":1}}]}},"code":["var Ajv = require('ajv');","var ajv = new Ajv({allErrors: true});","","module.exports = function validate(schema, data) {","\tvar ajv = new Ajv({","\t\terrorDataPath: 'property'","\t});","\tvar isValid = ajv.validate(schema, data);","","\tif(!isValid) {","\t\tthrow new Error(ajv.errorsText());","\t}","}",""],"l":{"1":1,"2":1,"4":1,"5":0,"8":0,"10":0,"11":0}},"/home/travis/build/npmtest/node-npmtest-extract-text-webpack-plugin/node_modules/extract-text-webpack-plugin/schema/loader-schema.js":{"path":"/home/travis/build/npmtest/node-npmtest-extract-text-webpack-plugin/node_modules/extract-text-webpack-plugin/schema/loader-schema.js","s":{"1":1},"b":{},"f":{},"fnMap":{},"statementMap":{"1":{"start":{"line":1,"column":0},"end":{"line":19,"column":2}}},"branchMap":{},"code":["module.exports = {","\t\"$schema\": \"http://json-schema.org/draft-04/schema#\",","\t\"type\": \"object\",","\t\"additionalProperties\": false,","\t\"properties\": {","\t\t\"allChunks\": { \"type\": \"boolean\"},","\t\t\"disable\": { \"type\": \"boolean\" },","\t\t\"omit\": { \"type\": \"boolean\" },","\t\t\"remove\": { \"type\": \"boolean\" },","\t\t\"fallback\": { \"type\": [\"string\", \"array\", \"object\"] },","\t\t\"filename\": { \"type\": \"string\" },","\t\t\"use\": { \"type\": [\"string\", \"array\", \"object\"] },","\t\t\"publicPath\": { \"type\": \"string\" },","","\t\t// deprecated","\t\t\"fallbackLoader\": { \"type\": [\"string\", \"array\", \"object\"] },","\t\t\"loader\": { \"type\": [\"string\", \"array\", \"object\"] }","\t}","};",""],"l":{"1":1}},"/home/travis/build/npmtest/node-npmtest-extract-text-webpack-plugin/node_modules/extract-text-webpack-plugin/loader.js":{"path":"/home/travis/build/npmtest/node-npmtest-extract-text-webpack-plugin/node_modules/extract-text-webpack-plugin/loader.js","s":{"1":1,"2":1,"3":1,"4":1,"5":1,"6":1,"7":1,"8":1,"9":1,"10":0,"11":0,"12":0,"13":1,"14":0,"15":0,"16":0,"17":0,"18":0,"19":0,"20":0,"21":0,"22":0,"23":0,"24":0,"25":0,"26":0,"27":0,"28":0,"29":0,"30":0,"31":0,"32":0,"33":0,"34":0,"35":0,"36":0,"37":0,"38":0,"39":0,"40":0,"41":0,"42":0,"43":0,"44":0,"45":0,"46":0,"47":0,"48":0,"49":0,"50":0,"51":0,"52":0,"53":0,"54":0,"55":0,"56":0,"57":0,"58":0,"59":0,"60":0,"61":0,"62":0,"63":0,"64":0,"65":0,"66":0,"67":0,"68":0,"69":0,"70":0,"71":0,"72":0,"73":0,"74":0,"75":0,"76":0,"77":0,"78":0,"79":0,"80":0,"81":0,"82":0,"83":0,"84":0,"85":0,"86":0,"87":0},"b":{"1":[0,0],"2":[0,0],"3":[0,0],"4":[0,0],"5":[0,0],"6":[0,0],"7":[0,0],"8":[0,0],"9":[0,0],"10":[0,0],"11":[0,0],"12":[0,0],"13":[0,0],"14":[0,0],"15":[0,0],"16":[0,0],"17":[0,0],"18":[0,0],"19":[0,0],"20":[0,0],"21":[0,0]},"f":{"1":0,"2":0,"3":0,"4":0,"5":0,"6":0,"7":0,"8":0,"9":0,"10":0,"11":0,"12":0,"13":0,"14":0},"fnMap":{"1":{"name":"(anonymous_1)","line":15,"loc":{"start":{"line":15,"column":17},"end":{"line":15,"column":34}}},"2":{"name":"(anonymous_2)","line":20,"loc":{"start":{"line":20,"column":23},"end":{"line":20,"column":41}}},"3":{"name":"(anonymous_3)","line":59,"loc":{"start":{"line":59,"column":38},"end":{"line":59,"column":60}}},"4":{"name":"(anonymous_4)","line":68,"loc":{"start":{"line":68,"column":43},"end":{"line":68,"column":65}}},"5":{"name":"(anonymous_5)","line":69,"loc":{"start":{"line":69,"column":46},"end":{"line":69,"column":78}}},"6":{"name":"(anonymous_6)","line":72,"loc":{"start":{"line":72,"column":34},"end":{"line":72,"column":51}}},"7":{"name":"(anonymous_7)","line":83,"loc":{"start":{"line":83,"column":40},"end":{"line":83,"column":72}}},"8":{"name":"(anonymous_8)","line":87,"loc":{"start":{"line":87,"column":30},"end":{"line":87,"column":46}}},"9":{"name":"(anonymous_9)","line":88,"loc":{"start":{"line":88,"column":24},"end":{"line":88,"column":39}}},"10":{"name":"(anonymous_10)","line":96,"loc":{"start":{"line":96,"column":27},"end":{"line":96,"column":63}}},"11":{"name":"(anonymous_11)","line":102,"loc":{"start":{"line":102,"column":40},"end":{"line":102,"column":54}}},"12":{"name":"(anonymous_12)","line":105,"loc":{"start":{"line":105,"column":43},"end":{"line":105,"column":57}}},"13":{"name":"(anonymous_13)","line":115,"loc":{"start":{"line":115,"column":17},"end":{"line":115,"column":32}}},"14":{"name":"(anonymous_14)","line":117,"loc":{"start":{"line":117,"column":33},"end":{"line":117,"column":50}}}},"statementMap":{"1":{"start":{"line":5,"column":0},"end":{"line":5,"column":23}},"2":{"start":{"line":6,"column":0},"end":{"line":6,"column":42}},"3":{"start":{"line":7,"column":0},"end":{"line":7,"column":72}},"4":{"start":{"line":8,"column":0},"end":{"line":8,"column":68}},"5":{"start":{"line":9,"column":0},"end":{"line":9,"column":73}},"6":{"start":{"line":10,"column":0},"end":{"line":10,"column":65}},"7":{"start":{"line":11,"column":0},"end":{"line":11,"column":82}},"8":{"start":{"line":13,"column":0},"end":{"line":13,"column":36}},"9":{"start":{"line":15,"column":0},"end":{"line":18,"column":2}},"10":{"start":{"line":16,"column":1},"end":{"line":16,"column":37}},"11":{"start":{"line":16,"column":20},"end":{"line":16,"column":37}},"12":{"start":{"line":17,"column":1},"end":{"line":17,"column":15}},"13":{"start":{"line":20,"column":0},"end":{"line":135,"column":2}},"14":{"start":{"line":21,"column":1},"end":{"line":21,"column":37}},"15":{"start":{"line":21,"column":20},"end":{"line":21,"column":37}},"16":{"start":{"line":22,"column":1},"end":{"line":22,"column":48}},"17":{"start":{"line":23,"column":1},"end":{"line":23,"column":56}},"18":{"start":{"line":24,"column":1},"end":{"line":24,"column":39}},"19":{"start":{"line":26,"column":1},"end":{"line":134,"column":2}},"20":{"start":{"line":27,"column":2},"end":{"line":30,"column":4}},"21":{"start":{"line":31,"column":8},"end":{"line":134,"column":2}},"22":{"start":{"line":32,"column":2},"end":{"line":32,"column":12}},"23":{"start":{"line":33,"column":8},"end":{"line":134,"column":2}},"24":{"start":{"line":34,"column":2},"end":{"line":38,"column":3}},"25":{"start":{"line":35,"column":3},"end":{"line":35,"column":39}},"26":{"start":{"line":36,"column":3},"end":{"line":36,"column":61}},"27":{"start":{"line":37,"column":3},"end":{"line":37,"column":40}},"28":{"start":{"line":39,"column":2},"end":{"line":39,"column":19}},"29":{"start":{"line":40,"column":2},"end":{"line":44,"column":3}},"30":{"start":{"line":41,"column":3},"end":{"line":41,"column":62}},"31":{"start":{"line":43,"column":3},"end":{"line":43,"column":28}},"32":{"start":{"line":46,"column":2},"end":{"line":46,"column":68}},"33":{"start":{"line":47,"column":2},"end":{"line":47,"column":120}},"34":{"start":{"line":48,"column":2},"end":{"line":51,"column":4}},"35":{"start":{"line":52,"column":2},"end":{"line":52,"column":106}},"36":{"start":{"line":53,"column":2},"end":{"line":53,"column":61}},"37":{"start":{"line":54,"column":2},"end":{"line":54,"column":68}},"38":{"start":{"line":55,"column":2},"end":{"line":55,"column":46}},"39":{"start":{"line":56,"column":2},"end":{"line":56,"column":75}},"40":{"start":{"line":57,"column":2},"end":{"line":57,"column":67}},"41":{"start":{"line":58,"column":2},"end":{"line":58,"column":50}},"42":{"start":{"line":59,"column":2},"end":{"line":65,"column":5}},"43":{"start":{"line":60,"column":3},"end":{"line":64,"column":4}},"44":{"start":{"line":61,"column":4},"end":{"line":62,"column":38}},"45":{"start":{"line":62,"column":5},"end":{"line":62,"column":38}},"46":{"start":{"line":63,"column":4},"end":{"line":63,"column":52}},"47":{"start":{"line":68,"column":2},"end":{"line":80,"column":5}},"48":{"start":{"line":69,"column":3},"end":{"line":79,"column":6}},"49":{"start":{"line":70,"column":4},"end":{"line":70,"column":30}},"50":{"start":{"line":71,"column":4},"end":{"line":78,"column":5}},"51":{"start":{"line":72,"column":5},"end":{"line":77,"column":8}},"52":{"start":{"line":73,"column":6},"end":{"line":76,"column":8}},"53":{"start":{"line":82,"column":2},"end":{"line":82,"column":13}},"54":{"start":{"line":83,"column":2},"end":{"line":94,"column":5}},"55":{"start":{"line":84,"column":3},"end":{"line":84,"column":92}},"56":{"start":{"line":87,"column":3},"end":{"line":91,"column":6}},"57":{"start":{"line":88,"column":4},"end":{"line":90,"column":7}},"58":{"start":{"line":89,"column":5},"end":{"line":89,"column":37}},"59":{"start":{"line":93,"column":3},"end":{"line":93,"column":14}},"60":{"start":{"line":95,"column":2},"end":{"line":95,"column":30}},"61":{"start":{"line":96,"column":2},"end":{"line":133,"column":16}},"62":{"start":{"line":97,"column":3},"end":{"line":97,"column":32}},"63":{"start":{"line":97,"column":11},"end":{"line":97,"column":32}},"64":{"start":{"line":99,"column":3},"end":{"line":101,"column":4}},"65":{"start":{"line":100,"column":4},"end":{"line":100,"column":43}},"66":{"start":{"line":102,"column":3},"end":{"line":104,"column":12}},"67":{"start":{"line":103,"column":4},"end":{"line":103,"column":28}},"68":{"start":{"line":105,"column":3},"end":{"line":107,"column":12}},"69":{"start":{"line":106,"column":4},"end":{"line":106,"column":35}},"70":{"start":{"line":108,"column":3},"end":{"line":110,"column":4}},"71":{"start":{"line":109,"column":4},"end":{"line":109,"column":74}},"72":{"start":{"line":111,"column":3},"end":{"line":128,"column":4}},"73":{"start":{"line":112,"column":4},"end":{"line":112,"column":42}},"74":{"start":{"line":113,"column":4},"end":{"line":114,"column":24}},"75":{"start":{"line":114,"column":5},"end":{"line":114,"column":24}},"76":{"start":{"line":115,"column":4},"end":{"line":121,"column":7}},"77":{"start":{"line":116,"column":5},"end":{"line":116,"column":22}},"78":{"start":{"line":117,"column":5},"end":{"line":120,"column":8}},"79":{"start":{"line":118,"column":6},"end":{"line":119,"column":37}},"80":{"start":{"line":119,"column":7},"end":{"line":119,"column":37}},"81":{"start":{"line":122,"column":4},"end":{"line":122,"column":26}},"82":{"start":{"line":123,"column":4},"end":{"line":125,"column":5}},"83":{"start":{"line":124,"column":5},"end":{"line":124,"column":79}},"84":{"start":{"line":127,"column":4},"end":{"line":127,"column":23}},"85":{"start":{"line":129,"column":3},"end":{"line":132,"column":15}},"86":{"start":{"line":130,"column":4},"end":{"line":130,"column":33}},"87":{"start":{"line":132,"column":4},"end":{"line":132,"column":15}}},"branchMap":{"1":{"line":16,"type":"if","locations":[{"start":{"line":16,"column":1},"end":{"line":16,"column":1}},{"start":{"line":16,"column":1},"end":{"line":16,"column":1}}]},"2":{"line":21,"type":"if","locations":[{"start":{"line":21,"column":1},"end":{"line":21,"column":1}},{"start":{"line":21,"column":1},"end":{"line":21,"column":1}}]},"3":{"line":22,"type":"binary-expr","locations":[{"start":{"line":22,"column":13},"end":{"line":22,"column":41}},{"start":{"line":22,"column":45},"end":{"line":22,"column":47}}]},"4":{"line":26,"type":"if","locations":[{"start":{"line":26,"column":1},"end":{"line":26,"column":1}},{"start":{"line":26,"column":1},"end":{"line":26,"column":1}}]},"5":{"line":31,"type":"if","locations":[{"start":{"line":31,"column":8},"end":{"line":31,"column":8}},{"start":{"line":31,"column":8},"end":{"line":31,"column":8}}]},"6":{"line":33,"type":"if","locations":[{"start":{"line":33,"column":8},"end":{"line":33,"column":8}},{"start":{"line":33,"column":8},"end":{"line":33,"column":8}}]},"7":{"line":34,"type":"if","locations":[{"start":{"line":34,"column":2},"end":{"line":34,"column":2}},{"start":{"line":34,"column":2},"end":{"line":34,"column":2}}]},"8":{"line":40,"type":"if","locations":[{"start":{"line":40,"column":2},"end":{"line":40,"column":2}},{"start":{"line":40,"column":2},"end":{"line":40,"column":2}}]},"9":{"line":47,"type":"cond-expr","locations":[{"start":{"line":47,"column":58},"end":{"line":47,"column":74}},{"start":{"line":47,"column":77},"end":{"line":47,"column":119}}]},"10":{"line":60,"type":"if","locations":[{"start":{"line":60,"column":3},"end":{"line":60,"column":3}},{"start":{"line":60,"column":3},"end":{"line":60,"column":3}}]},"11":{"line":61,"type":"if","locations":[{"start":{"line":61,"column":4},"end":{"line":61,"column":4}},{"start":{"line":61,"column":4},"end":{"line":61,"column":4}}]},"12":{"line":71,"type":"if","locations":[{"start":{"line":71,"column":4},"end":{"line":71,"column":4}},{"start":{"line":71,"column":4},"end":{"line":71,"column":4}}]},"13":{"line":84,"type":"binary-expr","locations":[{"start":{"line":84,"column":12},"end":{"line":84,"column":45}},{"start":{"line":84,"column":49},"end":{"line":84,"column":91}}]},"14":{"line":97,"type":"if","locations":[{"start":{"line":97,"column":3},"end":{"line":97,"column":3}},{"start":{"line":97,"column":3},"end":{"line":97,"column":3}}]},"15":{"line":99,"type":"if","locations":[{"start":{"line":99,"column":3},"end":{"line":99,"column":3}},{"start":{"line":99,"column":3},"end":{"line":99,"column":3}}]},"16":{"line":108,"type":"if","locations":[{"start":{"line":108,"column":3},"end":{"line":108,"column":3}},{"start":{"line":108,"column":3},"end":{"line":108,"column":3}}]},"17":{"line":113,"type":"if","locations":[{"start":{"line":113,"column":4},"end":{"line":113,"column":4}},{"start":{"line":113,"column":4},"end":{"line":113,"column":4}}]},"18":{"line":118,"type":"if","locations":[{"start":{"line":118,"column":6},"end":{"line":118,"column":6}},{"start":{"line":118,"column":6},"end":{"line":118,"column":6}}]},"19":{"line":123,"type":"if","locations":[{"start":{"line":123,"column":4},"end":{"line":123,"column":4}},{"start":{"line":123,"column":4},"end":{"line":123,"column":4}}]},"20":{"line":123,"type":"binary-expr","locations":[{"start":{"line":123,"column":7},"end":{"line":123,"column":18}},{"start":{"line":123,"column":22},"end":{"line":123,"column":57}}]},"21":{"line":129,"type":"if","locations":[{"start":{"line":129,"column":3},"end":{"line":129,"column":3}},{"start":{"line":129,"column":3},"end":{"line":129,"column":3}}]}},"code":["/*","\tMIT License http://www.opensource.org/licenses/mit-license.php","\tAuthor Tobias Koppers @sokra","*/","var fs = require(\"fs\");","var loaderUtils = require(\"loader-utils\");","var NodeTemplatePlugin = require(\"webpack/lib/node/NodeTemplatePlugin\");","var NodeTargetPlugin = require(\"webpack/lib/node/NodeTargetPlugin\");","var LibraryTemplatePlugin = require(\"webpack/lib/LibraryTemplatePlugin\");","var SingleEntryPlugin = require(\"webpack/lib/SingleEntryPlugin\");","var LimitChunkCountPlugin = require(\"webpack/lib/optimize/LimitChunkCountPlugin\");","","var NS = fs.realpathSync(__dirname);","","module.exports = function(source) {","\tif(this.cacheable) this.cacheable();","\treturn source;","};","","module.exports.pitch = function(request) {","\tif(this.cacheable) this.cacheable();","\tvar query = loaderUtils.getOptions(this) || {};","\tvar loaders = this.loaders.slice(this.loaderIndex + 1);","\tthis.addDependency(this.resourcePath);","\t// We already in child compiler, return empty bundle","\tif(this[NS] === undefined) {","\t\tthrow new Error(","\t\t\t'\"extract-text-webpack-plugin\" loader is used without the corresponding plugin, ' +","\t\t\t'refer to https://github.com/webpack/extract-text-webpack-plugin for the usage example'","\t\t);","\t} else if(this[NS] === false) {","\t\treturn \"\";","\t} else if(this[NS](null, query)) {","\t\tif(query.omit) {","\t\t\tthis.loaderIndex += +query.omit + 1;","\t\t\trequest = request.split(\"!\").slice(+query.omit).join(\"!\");","\t\t\tloaders = loaders.slice(+query.omit);","\t\t}","\t\tvar resultSource;","\t\tif(query.remove) {","\t\t\tresultSource = \"// removed by extract-text-webpack-plugin\";","\t\t} else {","\t\t\tresultSource = undefined;","\t\t}","","\t\tvar childFilename = \"extract-text-webpack-plugin-output-filename\"; // eslint-disable-line no-path-concat","\t\tvar publicPath = typeof query.publicPath === \"string\" ? query.publicPath : this._compilation.outputOptions.publicPath;","\t\tvar outputOptions = {","\t\t\tfilename: childFilename,","\t\t\tpublicPath: publicPath","\t\t};","\t\tvar childCompiler = this._compilation.createChildCompiler(\"extract-text-webpack-plugin\", outputOptions);","\t\tchildCompiler.apply(new NodeTemplatePlugin(outputOptions));","\t\tchildCompiler.apply(new LibraryTemplatePlugin(null, \"commonjs2\"));","\t\tchildCompiler.apply(new NodeTargetPlugin());","\t\tchildCompiler.apply(new SingleEntryPlugin(this.context, \"!!\" + request));","\t\tchildCompiler.apply(new LimitChunkCountPlugin({ maxChunks: 1 }));","\t\tvar subCache = \"subcache \" + NS + \" \" + request; // eslint-disable-line no-path-concat","\t\tchildCompiler.plugin(\"compilation\", function(compilation) {","\t\t\tif(compilation.cache) {","\t\t\t\tif(!compilation.cache[subCache])","\t\t\t\t\tcompilation.cache[subCache] = {};","\t\t\t\tcompilation.cache = compilation.cache[subCache];","\t\t\t}","\t\t});","\t\t// We set loaderContext[NS] = false to indicate we already in","\t\t// a child compiler so we don't spawn another child compilers from there.","\t\tchildCompiler.plugin(\"this-compilation\", function(compilation) {","\t\t\tcompilation.plugin(\"normal-module-loader\", function(loaderContext, module) {","\t\t\t\tloaderContext[NS] = false;","\t\t\t\tif (module.request === request) {","\t\t\t\t\tmodule.loaders = loaders.map(function(loader) {","\t\t\t\t\t\treturn {","\t\t\t\t\t\t\tloader: loader.path,","\t\t\t\t\t\t\toptions: loader.options","\t\t\t\t\t\t};","\t\t\t\t\t});","\t\t\t\t}","\t\t\t});","\t\t});","","\t\tvar source;","\t\tchildCompiler.plugin(\"after-compile\", function(compilation, callback) {","\t\t\tsource = compilation.assets[childFilename] && compilation.assets[childFilename].source();","","\t\t\t// Remove all chunk assets","\t\t\tcompilation.chunks.forEach(function(chunk) {","\t\t\t\tchunk.files.forEach(function(file) {","\t\t\t\t\tdelete compilation.assets[file];","\t\t\t\t});","\t\t\t});","","\t\t\tcallback();","\t\t});","\t\tvar callback = this.async();","\t\tchildCompiler.runAsChild(function(err, entries, compilation) {","\t\t\tif(err) return callback(err);","","\t\t\tif(compilation.errors.length > 0) {","\t\t\t\treturn callback(compilation.errors[0]);","\t\t\t}","\t\t\tcompilation.fileDependencies.forEach(function(dep) {","\t\t\t\tthis.addDependency(dep);","\t\t\t}, this);","\t\t\tcompilation.contextDependencies.forEach(function(dep) {","\t\t\t\tthis.addContextDependency(dep);","\t\t\t}, this);","\t\t\tif(!source) {","\t\t\t\treturn callback(new Error(\"Didn't get a result from child compiler\"));","\t\t\t}","\t\t\ttry {","\t\t\t\tvar text = this.exec(source, request);","\t\t\t\tif(typeof text === \"string\")","\t\t\t\t\ttext = [[0, text]];","\t\t\t\ttext.forEach(function(item) {","\t\t\t\t\tvar id = item[0];","\t\t\t\t\tcompilation.modules.forEach(function(module) {","\t\t\t\t\t\tif(module.id === id)","\t\t\t\t\t\t\titem[0] = module.identifier();","\t\t\t\t\t});","\t\t\t\t});","\t\t\t\tthis[NS](text, query);","\t\t\t\tif(text.locals && typeof resultSource !== \"undefined\") {","\t\t\t\t\tresultSource += \"\\nmodule.exports = \" + JSON.stringify(text.locals) + \";\";","\t\t\t\t}","\t\t\t} catch(e) {","\t\t\t\treturn callback(e);","\t\t\t}","\t\t\tif(resultSource)","\t\t\t\tcallback(null, resultSource);","\t\t\telse","\t\t\t\tcallback();","\t\t}.bind(this));","\t}","};",""],"l":{"5":1,"6":1,"7":1,"8":1,"9":1,"10":1,"11":1,"13":1,"15":1,"16":0,"17":0,"20":1,"21":0,"22":0,"23":0,"24":0,"26":0,"27":0,"31":0,"32":0,"33":0,"34":0,"35":0,"36":0,"37":0,"39":0,"40":0,"41":0,"43":0,"46":0,"47":0,"48":0,"52":0,"53":0,"54":0,"55":0,"56":0,"57":0,"58":0,"59":0,"60":0,"61":0,"62":0,"63":0,"68":0,"69":0,"70":0,"71":0,"72":0,"73":0,"82":0,"83":0,"84":0,"87":0,"88":0,"89":0,"93":0,"95":0,"96":0,"97":0,"99":0,"100":0,"102":0,"103":0,"105":0,"106":0,"108":0,"109":0,"111":0,"112":0,"113":0,"114":0,"115":0,"116":0,"117":0,"118":0,"119":0,"122":0,"123":0,"124":0,"127":0,"129":0,"130":0,"132":0}}}